2023-09-16T00:00:34.358+07:00  INFO 4072 --- [restartedMain] c.e.b.BaseSpringBootApplication          : Starting BaseSpringBootApplication using Java 17.0.6 with PID 4072 (E:\Code\BaseSpringBoot\BaseSpringBoot\target\classes started by pc in E:\Code\BaseSpringBoot\BaseSpringBoot)
2023-09-16T00:00:34.363+07:00  INFO 4072 --- [restartedMain] c.e.b.BaseSpringBootApplication          : No active profile set, falling back to 1 default profile: "default"
2023-09-16T00:00:34.413+07:00  INFO 4072 --- [restartedMain] .e.DevToolsPropertyDefaultsPostProcessor : Devtools property defaults active! Set 'spring.devtools.add-properties' to 'false' to disable
2023-09-16T00:00:34.413+07:00  INFO 4072 --- [restartedMain] .e.DevToolsPropertyDefaultsPostProcessor : For additional web related logging consider setting the 'logging.level.web' property to 'DEBUG'
2023-09-16T00:00:34.925+07:00  INFO 4072 --- [restartedMain] .s.d.r.c.RepositoryConfigurationDelegate : Bootstrapping Spring Data JPA repositories in DEFAULT mode.
2023-09-16T00:00:34.969+07:00  INFO 4072 --- [restartedMain] .s.d.r.c.RepositoryConfigurationDelegate : Finished Spring Data repository scanning in 35 ms. Found 1 JPA repository interfaces.
2023-09-16T00:00:35.407+07:00  INFO 4072 --- [restartedMain] o.s.b.w.embedded.tomcat.TomcatWebServer  : Tomcat initialized with port(s): 8080 (http)
2023-09-16T00:00:35.413+07:00  INFO 4072 --- [restartedMain] o.apache.catalina.core.StandardService   : Starting service [Tomcat]
2023-09-16T00:00:35.413+07:00  INFO 4072 --- [restartedMain] o.apache.catalina.core.StandardEngine    : Starting Servlet engine: [Apache Tomcat/10.1.12]
2023-09-16T00:00:35.464+07:00  INFO 4072 --- [restartedMain] o.a.c.c.C.[Tomcat].[localhost].[/]       : Initializing Spring embedded WebApplicationContext
2023-09-16T00:00:35.464+07:00  INFO 4072 --- [restartedMain] w.s.c.ServletWebServerApplicationContext : Root WebApplicationContext: initialization completed in 1050 ms
2023-09-16T00:00:35.575+07:00  INFO 4072 --- [restartedMain] o.hibernate.jpa.internal.util.LogHelper  : HHH000204: Processing PersistenceUnitInfo [name: default]
2023-09-16T00:00:35.613+07:00  INFO 4072 --- [restartedMain] org.hibernate.Version                    : HHH000412: Hibernate ORM core version 6.2.7.Final
2023-09-16T00:00:35.615+07:00  INFO 4072 --- [restartedMain] org.hibernate.cfg.Environment            : HHH000406: Using bytecode reflection optimizer
2023-09-16T00:00:35.726+07:00  INFO 4072 --- [restartedMain] o.h.b.i.BytecodeProviderInitiator        : HHH000021: Bytecode provider name : bytebuddy
2023-09-16T00:00:35.847+07:00  INFO 4072 --- [restartedMain] o.s.o.j.p.SpringPersistenceUnitInfo      : No LoadTimeWeaver setup: ignoring JPA class transformer
2023-09-16T00:00:35.860+07:00  INFO 4072 --- [restartedMain] com.zaxxer.hikari.HikariDataSource       : HikariPool-1 - Starting...
2023-09-16T00:00:36.079+07:00  INFO 4072 --- [restartedMain] com.zaxxer.hikari.pool.HikariPool        : HikariPool-1 - Added connection com.mysql.cj.jdbc.ConnectionImpl@3bdf9806
2023-09-16T00:00:36.080+07:00  INFO 4072 --- [restartedMain] com.zaxxer.hikari.HikariDataSource       : HikariPool-1 - Start completed.
2023-09-16T00:00:36.358+07:00  INFO 4072 --- [restartedMain] o.h.b.i.BytecodeProviderInitiator        : HHH000021: Bytecode provider name : bytebuddy
2023-09-16T00:00:36.847+07:00  INFO 4072 --- [restartedMain] o.h.e.t.j.p.i.JtaPlatformInitiator       : HHH000490: Using JtaPlatform implementation: [org.hibernate.engine.transaction.jta.platform.internal.NoJtaPlatform]
2023-09-16T00:00:36.895+07:00  INFO 4072 --- [restartedMain] j.LocalContainerEntityManagerFactoryBean : Initialized JPA EntityManagerFactory for persistence unit 'default'
2023-09-16T00:00:37.281+07:00  WARN 4072 --- [restartedMain] JpaBaseConfiguration$JpaWebConfiguration : spring.jpa.open-in-view is enabled by default. Therefore, database queries may be performed during view rendering. Explicitly configure spring.jpa.open-in-view to disable this warning
2023-09-16T00:00:37.527+07:00  INFO 4072 --- [restartedMain] o.s.s.web.DefaultSecurityFilterChain     : Will secure any request with [org.springframework.security.web.session.DisableEncodeUrlFilter@7743c5d8, org.springframework.security.web.context.request.async.WebAsyncManagerIntegrationFilter@41c5950d, org.springframework.security.web.context.SecurityContextHolderFilter@5e19d9d1, org.springframework.security.web.header.HeaderWriterFilter@ef75675, org.springframework.security.web.authentication.logout.LogoutFilter@428f8472, com.example.basespringboot.config.JwtAuthenticationFilter@148a1f2, org.springframework.security.web.savedrequest.RequestCacheAwareFilter@6c5eec46, org.springframework.security.web.servletapi.SecurityContextHolderAwareRequestFilter@42803c98, org.springframework.security.web.authentication.AnonymousAuthenticationFilter@3de63dd9, org.springframework.security.web.session.SessionManagementFilter@6a34f2d7, org.springframework.security.web.access.ExceptionTranslationFilter@6f8d8a91, org.springframework.security.web.access.intercept.AuthorizationFilter@2182f653]
2023-09-16T00:00:37.716+07:00  INFO 4072 --- [restartedMain] o.s.b.d.a.OptionalLiveReloadServer       : LiveReload server is running on port 35729
2023-09-16T00:00:37.775+07:00  INFO 4072 --- [restartedMain] o.s.b.w.embedded.tomcat.TomcatWebServer  : Tomcat started on port(s): 8080 (http) with context path ''
2023-09-16T00:00:37.794+07:00  INFO 4072 --- [restartedMain] c.e.b.BaseSpringBootApplication          : Started BaseSpringBootApplication in 3.8 seconds (process running for 4.404)
2023-09-16T00:00:39.979+07:00  INFO 4072 --- [SpringApplicationShutdownHook] j.LocalContainerEntityManagerFactoryBean : Closing JPA EntityManagerFactory for persistence unit 'default'
2023-09-16T00:00:39.981+07:00  INFO 4072 --- [SpringApplicationShutdownHook] com.zaxxer.hikari.HikariDataSource       : HikariPool-1 - Shutdown initiated...
2023-09-16T00:00:39.988+07:00  INFO 4072 --- [SpringApplicationShutdownHook] com.zaxxer.hikari.HikariDataSource       : HikariPool-1 - Shutdown completed.
2023-09-16T00:00:45.155+07:00  INFO 14912 --- [restartedMain] c.e.b.BaseSpringBootApplication          : Starting BaseSpringBootApplication using Java 17.0.6 with PID 14912 (E:\Code\BaseSpringBoot\BaseSpringBoot\target\classes started by pc in E:\Code\BaseSpringBoot\BaseSpringBoot)
2023-09-16T00:00:45.157+07:00  INFO 14912 --- [restartedMain] c.e.b.BaseSpringBootApplication          : No active profile set, falling back to 1 default profile: "default"
2023-09-16T00:00:45.192+07:00  INFO 14912 --- [restartedMain] .e.DevToolsPropertyDefaultsPostProcessor : Devtools property defaults active! Set 'spring.devtools.add-properties' to 'false' to disable
2023-09-16T00:00:45.192+07:00  INFO 14912 --- [restartedMain] .e.DevToolsPropertyDefaultsPostProcessor : For additional web related logging consider setting the 'logging.level.web' property to 'DEBUG'
2023-09-16T00:00:45.791+07:00  INFO 14912 --- [restartedMain] .s.d.r.c.RepositoryConfigurationDelegate : Bootstrapping Spring Data JPA repositories in DEFAULT mode.
2023-09-16T00:00:45.840+07:00  INFO 14912 --- [restartedMain] .s.d.r.c.RepositoryConfigurationDelegate : Finished Spring Data repository scanning in 38 ms. Found 1 JPA repository interfaces.
2023-09-16T00:00:46.290+07:00  INFO 14912 --- [restartedMain] o.s.b.w.embedded.tomcat.TomcatWebServer  : Tomcat initialized with port(s): 8080 (http)
2023-09-16T00:00:46.299+07:00  INFO 14912 --- [restartedMain] o.apache.catalina.core.StandardService   : Starting service [Tomcat]
2023-09-16T00:00:46.300+07:00  INFO 14912 --- [restartedMain] o.apache.catalina.core.StandardEngine    : Starting Servlet engine: [Apache Tomcat/10.1.12]
2023-09-16T00:00:46.346+07:00  INFO 14912 --- [restartedMain] o.a.c.c.C.[Tomcat].[localhost].[/]       : Initializing Spring embedded WebApplicationContext
2023-09-16T00:00:46.346+07:00  INFO 14912 --- [restartedMain] w.s.c.ServletWebServerApplicationContext : Root WebApplicationContext: initialization completed in 1153 ms
2023-09-16T00:00:46.454+07:00  INFO 14912 --- [restartedMain] o.hibernate.jpa.internal.util.LogHelper  : HHH000204: Processing PersistenceUnitInfo [name: default]
2023-09-16T00:00:46.489+07:00  INFO 14912 --- [restartedMain] org.hibernate.Version                    : HHH000412: Hibernate ORM core version 6.2.7.Final
2023-09-16T00:00:46.492+07:00  INFO 14912 --- [restartedMain] org.hibernate.cfg.Environment            : HHH000406: Using bytecode reflection optimizer
2023-09-16T00:00:46.616+07:00  INFO 14912 --- [restartedMain] o.h.b.i.BytecodeProviderInitiator        : HHH000021: Bytecode provider name : bytebuddy
2023-09-16T00:00:46.722+07:00  INFO 14912 --- [restartedMain] o.s.o.j.p.SpringPersistenceUnitInfo      : No LoadTimeWeaver setup: ignoring JPA class transformer
2023-09-16T00:00:46.735+07:00  INFO 14912 --- [restartedMain] com.zaxxer.hikari.HikariDataSource       : HikariPool-1 - Starting...
2023-09-16T00:00:46.956+07:00  INFO 14912 --- [restartedMain] com.zaxxer.hikari.pool.HikariPool        : HikariPool-1 - Added connection com.mysql.cj.jdbc.ConnectionImpl@d48c9fa
2023-09-16T00:00:46.958+07:00  INFO 14912 --- [restartedMain] com.zaxxer.hikari.HikariDataSource       : HikariPool-1 - Start completed.
2023-09-16T00:00:47.133+07:00  INFO 14912 --- [restartedMain] o.h.b.i.BytecodeProviderInitiator        : HHH000021: Bytecode provider name : bytebuddy
2023-09-16T00:00:47.733+07:00  INFO 14912 --- [restartedMain] o.h.e.t.j.p.i.JtaPlatformInitiator       : HHH000490: Using JtaPlatform implementation: [org.hibernate.engine.transaction.jta.platform.internal.NoJtaPlatform]
2023-09-16T00:00:47.781+07:00  INFO 14912 --- [restartedMain] j.LocalContainerEntityManagerFactoryBean : Initialized JPA EntityManagerFactory for persistence unit 'default'
2023-09-16T00:00:48.114+07:00  WARN 14912 --- [restartedMain] JpaBaseConfiguration$JpaWebConfiguration : spring.jpa.open-in-view is enabled by default. Therefore, database queries may be performed during view rendering. Explicitly configure spring.jpa.open-in-view to disable this warning
2023-09-16T00:00:48.362+07:00  INFO 14912 --- [restartedMain] o.s.s.web.DefaultSecurityFilterChain     : Will secure any request with [org.springframework.security.web.session.DisableEncodeUrlFilter@3413a399, org.springframework.security.web.context.request.async.WebAsyncManagerIntegrationFilter@774d7e3b, org.springframework.security.web.context.SecurityContextHolderFilter@3eb5b224, org.springframework.security.web.header.HeaderWriterFilter@2632c84, org.springframework.security.web.authentication.logout.LogoutFilter@72c66fed, com.example.basespringboot.config.JwtAuthenticationFilter@60be208e, org.springframework.security.web.savedrequest.RequestCacheAwareFilter@7388c820, org.springframework.security.web.servletapi.SecurityContextHolderAwareRequestFilter@6f8d8a91, org.springframework.security.web.authentication.AnonymousAuthenticationFilter@75b0a106, org.springframework.security.web.session.SessionManagementFilter@48b4d564, org.springframework.security.web.access.ExceptionTranslationFilter@3e51d1ed, org.springframework.security.web.access.intercept.AuthorizationFilter@14aaf6e6]
2023-09-16T00:00:48.533+07:00  INFO 14912 --- [restartedMain] o.s.b.d.a.OptionalLiveReloadServer       : LiveReload server is running on port 35729
2023-09-16T00:00:48.564+07:00  INFO 14912 --- [restartedMain] o.s.b.w.embedded.tomcat.TomcatWebServer  : Tomcat started on port(s): 8080 (http) with context path ''
2023-09-16T00:00:48.572+07:00  INFO 14912 --- [restartedMain] c.e.b.BaseSpringBootApplication          : Started BaseSpringBootApplication in 3.787 seconds (process running for 4.383)
2023-09-16T00:01:06.044+07:00  INFO 14912 --- [http-nio-8080-exec-1] o.a.c.c.C.[Tomcat].[localhost].[/]       : Initializing Spring DispatcherServlet 'dispatcherServlet'
2023-09-16T00:01:06.045+07:00  INFO 14912 --- [http-nio-8080-exec-1] o.s.web.servlet.DispatcherServlet        : Initializing Servlet 'dispatcherServlet'
2023-09-16T00:01:06.046+07:00  INFO 14912 --- [http-nio-8080-exec-1] o.s.web.servlet.DispatcherServlet        : Completed initialization in 1 ms
2023-09-16T00:01:06.215+07:00  INFO 14912 --- [http-nio-8080-exec-1] c.e.b.l.CustomResponseBodyAdviceAdapter  : ______________________________RESPONSE_________________________________________________________________________________________________
2023-09-16T00:01:06.226+07:00  INFO 14912 --- [http-nio-8080-exec-1] c.e.b.l.CustomResponseBodyAdviceAdapter  : UUID: null
2023-09-16T00:01:06.226+07:00  INFO 14912 --- [http-nio-8080-exec-1] c.e.b.l.CustomResponseBodyAdviceAdapter  : PATH: null
2023-09-16T00:01:06.227+07:00  INFO 14912 --- [http-nio-8080-exec-1] c.e.b.l.CustomResponseBodyAdviceAdapter  : USER: anonymousUser
2023-09-16T00:01:06.227+07:00  INFO 14912 --- [http-nio-8080-exec-1] c.e.b.l.CustomResponseBodyAdviceAdapter  : RESPONSE: [User(id=2, userName=admin, password=$2a$10$NYCQO/bGeFYVbvrn.kyIne3lLjDyMPy20SGNevYzaxFQJNfQFLGIW, role=admin), User(id=3, userName=Aiit, password=$2a$10$Zd8IDxWMXdALLpepyzLfbuUdgO.VxS9iwr/UbyZs/zxzk3vvBaGXe, role=admin), User(id=4, userName=livebank, password=$2a$10$vc5rw8q9V1EUWcNilPT9le4ChxqFWoCVpmLYcCRZwElmf2BNJIBZ., role=admin), User(id=5, userName=livebank1, password=$2a$10$GLxC1244hU4WKykoujohm.YkWOxAfkuKYhwXLaeFU.BUfpu29hL/W, role=admin)]
2023-09-16T00:01:19.449+07:00  INFO 14912 --- [http-nio-8080-exec-2] c.e.b.l.CustomRequestBodyAdviceAdapter   : ______________________________REQUEST_________________________________________________________________________________________________
2023-09-16T00:01:19.449+07:00  INFO 14912 --- [http-nio-8080-exec-2] c.e.b.l.CustomRequestBodyAdviceAdapter   : UUID: 8e34d042-9d0e-45ec-bd5f-b705a64e6c83
2023-09-16T00:01:19.449+07:00  INFO 14912 --- [http-nio-8080-exec-2] c.e.b.l.CustomRequestBodyAdviceAdapter   : PATH: /user/remove
2023-09-16T00:01:19.449+07:00  INFO 14912 --- [http-nio-8080-exec-2] c.e.b.l.CustomRequestBodyAdviceAdapter   : USER: anonymousUser
2023-09-16T00:01:19.449+07:00  INFO 14912 --- [http-nio-8080-exec-2] c.e.b.l.CustomRequestBodyAdviceAdapter   : REQUEST BODY: RegisterRequest(userAdmin=Aiit, passwordAdmin=Aiit@2023, userName=null, password=null, role=null)
2023-09-16T00:01:19.456+07:00  INFO 14912 --- [http-nio-8080-exec-2] c.e.b.l.CustomResponseBodyAdviceAdapter  : ______________________________RESPONSE_________________________________________________________________________________________________
2023-09-16T00:01:19.456+07:00  INFO 14912 --- [http-nio-8080-exec-2] c.e.b.l.CustomResponseBodyAdviceAdapter  : UUID: 8e34d042-9d0e-45ec-bd5f-b705a64e6c83
2023-09-16T00:01:19.456+07:00  INFO 14912 --- [http-nio-8080-exec-2] c.e.b.l.CustomResponseBodyAdviceAdapter  : PATH: /user/remove
2023-09-16T00:01:19.456+07:00  INFO 14912 --- [http-nio-8080-exec-2] c.e.b.l.CustomResponseBodyAdviceAdapter  : USER: anonymousUser
2023-09-16T00:01:19.456+07:00  INFO 14912 --- [http-nio-8080-exec-2] c.e.b.l.CustomResponseBodyAdviceAdapter  : RESPONSE: Có lỗi Runtime trong quá trình xử lý: User không thể để trống !
2023-09-16T00:01:19.457+07:00  WARN 14912 --- [http-nio-8080-exec-2] .m.m.a.ExceptionHandlerExceptionResolver : Resolved [java.lang.NullPointerException: User không thể để trống !]
2023-09-16T00:02:07.848+07:00  INFO 14912 --- [http-nio-8080-exec-3] c.e.b.l.CustomResponseBodyAdviceAdapter  : ______________________________RESPONSE_________________________________________________________________________________________________
2023-09-16T00:02:07.849+07:00  INFO 14912 --- [http-nio-8080-exec-3] c.e.b.l.CustomResponseBodyAdviceAdapter  : UUID: null
2023-09-16T00:02:07.849+07:00  INFO 14912 --- [http-nio-8080-exec-3] c.e.b.l.CustomResponseBodyAdviceAdapter  : PATH: null
2023-09-16T00:02:07.849+07:00  INFO 14912 --- [http-nio-8080-exec-3] c.e.b.l.CustomResponseBodyAdviceAdapter  : USER: anonymousUser
2023-09-16T00:02:07.849+07:00  INFO 14912 --- [http-nio-8080-exec-3] c.e.b.l.CustomResponseBodyAdviceAdapter  : RESPONSE: [User(id=2, userName=admin, password=$2a$10$NYCQO/bGeFYVbvrn.kyIne3lLjDyMPy20SGNevYzaxFQJNfQFLGIW, role=admin), User(id=3, userName=Aiit, password=$2a$10$Zd8IDxWMXdALLpepyzLfbuUdgO.VxS9iwr/UbyZs/zxzk3vvBaGXe, role=admin), User(id=4, userName=livebank, password=$2a$10$vc5rw8q9V1EUWcNilPT9le4ChxqFWoCVpmLYcCRZwElmf2BNJIBZ., role=admin), User(id=5, userName=livebank1, password=$2a$10$GLxC1244hU4WKykoujohm.YkWOxAfkuKYhwXLaeFU.BUfpu29hL/W, role=admin)]
2023-09-16T00:02:14.961+07:00  INFO 14912 --- [http-nio-8080-exec-4] c.e.b.l.CustomRequestBodyAdviceAdapter   : ______________________________REQUEST_________________________________________________________________________________________________
2023-09-16T00:02:14.961+07:00  INFO 14912 --- [http-nio-8080-exec-4] c.e.b.l.CustomRequestBodyAdviceAdapter   : UUID: ce2cea73-15d1-4e51-a82b-fb38faeec4fc
2023-09-16T00:02:14.961+07:00  INFO 14912 --- [http-nio-8080-exec-4] c.e.b.l.CustomRequestBodyAdviceAdapter   : PATH: /user/remove
2023-09-16T00:02:14.961+07:00  INFO 14912 --- [http-nio-8080-exec-4] c.e.b.l.CustomRequestBodyAdviceAdapter   : USER: anonymousUser
2023-09-16T00:02:14.961+07:00  INFO 14912 --- [http-nio-8080-exec-4] c.e.b.l.CustomRequestBodyAdviceAdapter   : REQUEST BODY: RegisterRequest(userAdmin=Aiit, passwordAdmin=Aiit@2023, userName=null, password=null, role=null)
2023-09-16T00:02:14.962+07:00  INFO 14912 --- [http-nio-8080-exec-4] c.e.b.l.CustomResponseBodyAdviceAdapter  : ______________________________RESPONSE_________________________________________________________________________________________________
2023-09-16T00:02:14.962+07:00  INFO 14912 --- [http-nio-8080-exec-4] c.e.b.l.CustomResponseBodyAdviceAdapter  : UUID: ce2cea73-15d1-4e51-a82b-fb38faeec4fc
2023-09-16T00:02:14.962+07:00  INFO 14912 --- [http-nio-8080-exec-4] c.e.b.l.CustomResponseBodyAdviceAdapter  : PATH: /user/remove
2023-09-16T00:02:14.962+07:00  INFO 14912 --- [http-nio-8080-exec-4] c.e.b.l.CustomResponseBodyAdviceAdapter  : USER: anonymousUser
2023-09-16T00:02:14.962+07:00  INFO 14912 --- [http-nio-8080-exec-4] c.e.b.l.CustomResponseBodyAdviceAdapter  : RESPONSE: Có lỗi Runtime trong quá trình xử lý: User không thể để trống !
2023-09-16T00:02:14.963+07:00  WARN 14912 --- [http-nio-8080-exec-4] .m.m.a.ExceptionHandlerExceptionResolver : Resolved [java.lang.NullPointerException: User không thể để trống !]
2023-09-16T00:02:40.175+07:00  INFO 14912 --- [http-nio-8080-exec-5] c.e.b.l.CustomRequestBodyAdviceAdapter   : ______________________________REQUEST_________________________________________________________________________________________________
2023-09-16T00:02:40.176+07:00  INFO 14912 --- [http-nio-8080-exec-5] c.e.b.l.CustomRequestBodyAdviceAdapter   : UUID: fa796b53-3f9f-4e70-99a8-5e06fe64075b
2023-09-16T00:02:40.176+07:00  INFO 14912 --- [http-nio-8080-exec-5] c.e.b.l.CustomRequestBodyAdviceAdapter   : PATH: /user/remove
2023-09-16T00:02:40.176+07:00  INFO 14912 --- [http-nio-8080-exec-5] c.e.b.l.CustomRequestBodyAdviceAdapter   : USER: anonymousUser
2023-09-16T00:02:40.176+07:00  INFO 14912 --- [http-nio-8080-exec-5] c.e.b.l.CustomRequestBodyAdviceAdapter   : REQUEST BODY: RegisterRequest(userAdmin=Aiit, passwordAdmin=Aiit@2023, userName=null, password=null, role=null)
2023-09-16T00:02:40.176+07:00  INFO 14912 --- [http-nio-8080-exec-5] c.e.b.l.CustomResponseBodyAdviceAdapter  : ______________________________RESPONSE_________________________________________________________________________________________________
2023-09-16T00:02:40.177+07:00  INFO 14912 --- [http-nio-8080-exec-5] c.e.b.l.CustomResponseBodyAdviceAdapter  : UUID: fa796b53-3f9f-4e70-99a8-5e06fe64075b
2023-09-16T00:02:40.177+07:00  INFO 14912 --- [http-nio-8080-exec-5] c.e.b.l.CustomResponseBodyAdviceAdapter  : PATH: /user/remove
2023-09-16T00:02:40.177+07:00  INFO 14912 --- [http-nio-8080-exec-5] c.e.b.l.CustomResponseBodyAdviceAdapter  : USER: anonymousUser
2023-09-16T00:02:40.177+07:00  INFO 14912 --- [http-nio-8080-exec-5] c.e.b.l.CustomResponseBodyAdviceAdapter  : RESPONSE: Có lỗi Runtime trong quá trình xử lý: User không thể để trống !
2023-09-16T00:02:40.177+07:00  WARN 14912 --- [http-nio-8080-exec-5] .m.m.a.ExceptionHandlerExceptionResolver : Resolved [java.lang.NullPointerException: User không thể để trống !]
2023-09-16T00:05:39.009+07:00  INFO 14912 --- [http-nio-8080-exec-7] c.e.b.l.CustomResponseBodyAdviceAdapter  : ______________________________RESPONSE_________________________________________________________________________________________________
2023-09-16T00:05:39.009+07:00  INFO 14912 --- [http-nio-8080-exec-7] c.e.b.l.CustomResponseBodyAdviceAdapter  : UUID: null
2023-09-16T00:05:39.010+07:00  INFO 14912 --- [http-nio-8080-exec-7] c.e.b.l.CustomResponseBodyAdviceAdapter  : PATH: null
2023-09-16T00:05:39.010+07:00  INFO 14912 --- [http-nio-8080-exec-7] c.e.b.l.CustomResponseBodyAdviceAdapter  : USER: anonymousUser
2023-09-16T00:05:39.010+07:00  INFO 14912 --- [http-nio-8080-exec-7] c.e.b.l.CustomResponseBodyAdviceAdapter  : RESPONSE: [User(id=2, userName=admin, password=$2a$10$NYCQO/bGeFYVbvrn.kyIne3lLjDyMPy20SGNevYzaxFQJNfQFLGIW, role=admin), User(id=3, userName=Aiit, password=$2a$10$Zd8IDxWMXdALLpepyzLfbuUdgO.VxS9iwr/UbyZs/zxzk3vvBaGXe, role=admin), User(id=4, userName=livebank, password=$2a$10$vc5rw8q9V1EUWcNilPT9le4ChxqFWoCVpmLYcCRZwElmf2BNJIBZ., role=admin), User(id=5, userName=livebank1, password=$2a$10$GLxC1244hU4WKykoujohm.YkWOxAfkuKYhwXLaeFU.BUfpu29hL/W, role=admin)]
2023-09-16T00:05:41.576+07:00  INFO 14912 --- [http-nio-8080-exec-8] c.e.b.l.CustomRequestBodyAdviceAdapter   : ______________________________REQUEST_________________________________________________________________________________________________
2023-09-16T00:05:41.577+07:00  INFO 14912 --- [http-nio-8080-exec-8] c.e.b.l.CustomRequestBodyAdviceAdapter   : UUID: 9bd57065-996f-47c7-8d20-78abb0776c6e
2023-09-16T00:05:41.577+07:00  INFO 14912 --- [http-nio-8080-exec-8] c.e.b.l.CustomRequestBodyAdviceAdapter   : PATH: /user/remove
2023-09-16T00:05:41.577+07:00  INFO 14912 --- [http-nio-8080-exec-8] c.e.b.l.CustomRequestBodyAdviceAdapter   : USER: anonymousUser
2023-09-16T00:05:41.577+07:00  INFO 14912 --- [http-nio-8080-exec-8] c.e.b.l.CustomRequestBodyAdviceAdapter   : REQUEST BODY: RegisterRequest(userAdmin=Aiit, passwordAdmin=Aiit@2023, userName=null, password=null, role=null)
2023-09-16T00:05:41.577+07:00  INFO 14912 --- [http-nio-8080-exec-8] c.e.b.l.CustomResponseBodyAdviceAdapter  : ______________________________RESPONSE_________________________________________________________________________________________________
2023-09-16T00:05:41.577+07:00  INFO 14912 --- [http-nio-8080-exec-8] c.e.b.l.CustomResponseBodyAdviceAdapter  : UUID: 9bd57065-996f-47c7-8d20-78abb0776c6e
2023-09-16T00:05:41.578+07:00  INFO 14912 --- [http-nio-8080-exec-8] c.e.b.l.CustomResponseBodyAdviceAdapter  : PATH: /user/remove
2023-09-16T00:05:41.578+07:00  INFO 14912 --- [http-nio-8080-exec-8] c.e.b.l.CustomResponseBodyAdviceAdapter  : USER: anonymousUser
2023-09-16T00:05:41.578+07:00  INFO 14912 --- [http-nio-8080-exec-8] c.e.b.l.CustomResponseBodyAdviceAdapter  : RESPONSE: Có lỗi Runtime trong quá trình xử lý: User không thể để trống !
2023-09-16T00:05:41.579+07:00  WARN 14912 --- [http-nio-8080-exec-8] .m.m.a.ExceptionHandlerExceptionResolver : Resolved [java.lang.NullPointerException: User không thể để trống !]
2023-09-16T00:06:01.561+07:00  INFO 14912 --- [http-nio-8080-exec-9] c.e.b.l.CustomResponseBodyAdviceAdapter  : ______________________________RESPONSE_________________________________________________________________________________________________
2023-09-16T00:06:01.562+07:00  INFO 14912 --- [http-nio-8080-exec-9] c.e.b.l.CustomResponseBodyAdviceAdapter  : UUID: null
2023-09-16T00:06:01.562+07:00  INFO 14912 --- [http-nio-8080-exec-9] c.e.b.l.CustomResponseBodyAdviceAdapter  : PATH: null
2023-09-16T00:06:01.562+07:00  INFO 14912 --- [http-nio-8080-exec-9] c.e.b.l.CustomResponseBodyAdviceAdapter  : USER: anonymousUser
2023-09-16T00:06:01.562+07:00  INFO 14912 --- [http-nio-8080-exec-9] c.e.b.l.CustomResponseBodyAdviceAdapter  : RESPONSE: [User(id=2, userName=admin, password=$2a$10$NYCQO/bGeFYVbvrn.kyIne3lLjDyMPy20SGNevYzaxFQJNfQFLGIW, role=admin), User(id=3, userName=Aiit, password=$2a$10$Zd8IDxWMXdALLpepyzLfbuUdgO.VxS9iwr/UbyZs/zxzk3vvBaGXe, role=admin), User(id=4, userName=livebank, password=$2a$10$vc5rw8q9V1EUWcNilPT9le4ChxqFWoCVpmLYcCRZwElmf2BNJIBZ., role=admin), User(id=5, userName=livebank1, password=$2a$10$GLxC1244hU4WKykoujohm.YkWOxAfkuKYhwXLaeFU.BUfpu29hL/W, role=admin)]
2023-09-16T00:06:05.226+07:00  INFO 14912 --- [http-nio-8080-exec-10] c.e.b.l.CustomResponseBodyAdviceAdapter  : ______________________________RESPONSE_________________________________________________________________________________________________
2023-09-16T00:06:05.227+07:00  INFO 14912 --- [http-nio-8080-exec-10] c.e.b.l.CustomResponseBodyAdviceAdapter  : UUID: null
2023-09-16T00:06:05.227+07:00  INFO 14912 --- [http-nio-8080-exec-10] c.e.b.l.CustomResponseBodyAdviceAdapter  : PATH: null
2023-09-16T00:06:05.227+07:00  INFO 14912 --- [http-nio-8080-exec-10] c.e.b.l.CustomResponseBodyAdviceAdapter  : USER: anonymousUser
2023-09-16T00:06:05.227+07:00  INFO 14912 --- [http-nio-8080-exec-10] c.e.b.l.CustomResponseBodyAdviceAdapter  : RESPONSE: [User(id=2, userName=admin, password=$2a$10$NYCQO/bGeFYVbvrn.kyIne3lLjDyMPy20SGNevYzaxFQJNfQFLGIW, role=admin), User(id=3, userName=Aiit, password=$2a$10$Zd8IDxWMXdALLpepyzLfbuUdgO.VxS9iwr/UbyZs/zxzk3vvBaGXe, role=admin), User(id=4, userName=livebank, password=$2a$10$vc5rw8q9V1EUWcNilPT9le4ChxqFWoCVpmLYcCRZwElmf2BNJIBZ., role=admin), User(id=5, userName=livebank1, password=$2a$10$GLxC1244hU4WKykoujohm.YkWOxAfkuKYhwXLaeFU.BUfpu29hL/W, role=admin)]
2023-09-16T00:06:12.843+07:00  INFO 14912 --- [http-nio-8080-exec-1] c.e.b.l.CustomResponseBodyAdviceAdapter  : ______________________________RESPONSE_________________________________________________________________________________________________
2023-09-16T00:06:12.844+07:00  INFO 14912 --- [http-nio-8080-exec-1] c.e.b.l.CustomResponseBodyAdviceAdapter  : UUID: null
2023-09-16T00:06:12.844+07:00  INFO 14912 --- [http-nio-8080-exec-1] c.e.b.l.CustomResponseBodyAdviceAdapter  : PATH: null
2023-09-16T00:06:12.844+07:00  INFO 14912 --- [http-nio-8080-exec-1] c.e.b.l.CustomResponseBodyAdviceAdapter  : USER: anonymousUser
2023-09-16T00:06:12.844+07:00  INFO 14912 --- [http-nio-8080-exec-1] c.e.b.l.CustomResponseBodyAdviceAdapter  : RESPONSE: [User(id=2, userName=admin, password=$2a$10$NYCQO/bGeFYVbvrn.kyIne3lLjDyMPy20SGNevYzaxFQJNfQFLGIW, role=admin), User(id=3, userName=Aiit, password=$2a$10$Zd8IDxWMXdALLpepyzLfbuUdgO.VxS9iwr/UbyZs/zxzk3vvBaGXe, role=admin), User(id=4, userName=livebank, password=$2a$10$vc5rw8q9V1EUWcNilPT9le4ChxqFWoCVpmLYcCRZwElmf2BNJIBZ., role=admin), User(id=5, userName=livebank1, password=$2a$10$GLxC1244hU4WKykoujohm.YkWOxAfkuKYhwXLaeFU.BUfpu29hL/W, role=admin)]
2023-09-16T00:06:22.107+07:00  INFO 14912 --- [http-nio-8080-exec-2] c.e.b.l.CustomRequestBodyAdviceAdapter   : ______________________________REQUEST_________________________________________________________________________________________________
2023-09-16T00:06:22.107+07:00  INFO 14912 --- [http-nio-8080-exec-2] c.e.b.l.CustomRequestBodyAdviceAdapter   : UUID: 2f3ebabb-c797-4f19-b3f5-adacac57c80e
2023-09-16T00:06:22.107+07:00  INFO 14912 --- [http-nio-8080-exec-2] c.e.b.l.CustomRequestBodyAdviceAdapter   : PATH: /user/remove
2023-09-16T00:06:22.107+07:00  INFO 14912 --- [http-nio-8080-exec-2] c.e.b.l.CustomRequestBodyAdviceAdapter   : USER: anonymousUser
2023-09-16T00:06:22.107+07:00  INFO 14912 --- [http-nio-8080-exec-2] c.e.b.l.CustomRequestBodyAdviceAdapter   : REQUEST BODY: RegisterRequest(userAdmin=Aiit, passwordAdmin=Aiit@2023, userName=null, password=null, role=null)
2023-09-16T00:06:22.108+07:00  INFO 14912 --- [http-nio-8080-exec-2] c.e.b.l.CustomResponseBodyAdviceAdapter  : ______________________________RESPONSE_________________________________________________________________________________________________
2023-09-16T00:06:22.108+07:00  INFO 14912 --- [http-nio-8080-exec-2] c.e.b.l.CustomResponseBodyAdviceAdapter  : UUID: 2f3ebabb-c797-4f19-b3f5-adacac57c80e
2023-09-16T00:06:22.108+07:00  INFO 14912 --- [http-nio-8080-exec-2] c.e.b.l.CustomResponseBodyAdviceAdapter  : PATH: /user/remove
2023-09-16T00:06:22.108+07:00  INFO 14912 --- [http-nio-8080-exec-2] c.e.b.l.CustomResponseBodyAdviceAdapter  : USER: anonymousUser
2023-09-16T00:06:22.108+07:00  INFO 14912 --- [http-nio-8080-exec-2] c.e.b.l.CustomResponseBodyAdviceAdapter  : RESPONSE: Có lỗi Runtime trong quá trình xử lý: User không thể để trống !
2023-09-16T00:06:22.108+07:00  WARN 14912 --- [http-nio-8080-exec-2] .m.m.a.ExceptionHandlerExceptionResolver : Resolved [java.lang.NullPointerException: User không thể để trống !]
2023-09-16T00:06:46.491+07:00  INFO 14912 --- [SpringApplicationShutdownHook] j.LocalContainerEntityManagerFactoryBean : Closing JPA EntityManagerFactory for persistence unit 'default'
2023-09-16T00:06:46.493+07:00  INFO 14912 --- [SpringApplicationShutdownHook] com.zaxxer.hikari.HikariDataSource       : HikariPool-1 - Shutdown initiated...
2023-09-16T00:06:46.499+07:00  INFO 14912 --- [SpringApplicationShutdownHook] com.zaxxer.hikari.HikariDataSource       : HikariPool-1 - Shutdown completed.
2023-09-16T00:06:49.832+07:00  INFO 9292 --- [restartedMain] c.e.b.BaseSpringBootApplication          : Starting BaseSpringBootApplication using Java 17.0.6 with PID 9292 (E:\Code\BaseSpringBoot\BaseSpringBoot\target\classes started by pc in E:\Code\BaseSpringBoot\BaseSpringBoot)
2023-09-16T00:06:49.834+07:00  INFO 9292 --- [restartedMain] c.e.b.BaseSpringBootApplication          : No active profile set, falling back to 1 default profile: "default"
2023-09-16T00:06:49.870+07:00  INFO 9292 --- [restartedMain] .e.DevToolsPropertyDefaultsPostProcessor : Devtools property defaults active! Set 'spring.devtools.add-properties' to 'false' to disable
2023-09-16T00:06:49.871+07:00  INFO 9292 --- [restartedMain] .e.DevToolsPropertyDefaultsPostProcessor : For additional web related logging consider setting the 'logging.level.web' property to 'DEBUG'
2023-09-16T00:06:50.307+07:00  INFO 9292 --- [restartedMain] .s.d.r.c.RepositoryConfigurationDelegate : Bootstrapping Spring Data JPA repositories in DEFAULT mode.
2023-09-16T00:06:50.353+07:00  INFO 9292 --- [restartedMain] .s.d.r.c.RepositoryConfigurationDelegate : Finished Spring Data repository scanning in 35 ms. Found 1 JPA repository interfaces.
2023-09-16T00:06:50.783+07:00  INFO 9292 --- [restartedMain] o.s.b.w.embedded.tomcat.TomcatWebServer  : Tomcat initialized with port(s): 8080 (http)
2023-09-16T00:06:50.789+07:00  INFO 9292 --- [restartedMain] o.apache.catalina.core.StandardService   : Starting service [Tomcat]
2023-09-16T00:06:50.790+07:00  INFO 9292 --- [restartedMain] o.apache.catalina.core.StandardEngine    : Starting Servlet engine: [Apache Tomcat/10.1.12]
2023-09-16T00:06:50.828+07:00  INFO 9292 --- [restartedMain] o.a.c.c.C.[Tomcat].[localhost].[/]       : Initializing Spring embedded WebApplicationContext
2023-09-16T00:06:50.829+07:00  INFO 9292 --- [restartedMain] w.s.c.ServletWebServerApplicationContext : Root WebApplicationContext: initialization completed in 958 ms
2023-09-16T00:06:50.929+07:00  INFO 9292 --- [restartedMain] o.hibernate.jpa.internal.util.LogHelper  : HHH000204: Processing PersistenceUnitInfo [name: default]
2023-09-16T00:06:50.964+07:00  INFO 9292 --- [restartedMain] org.hibernate.Version                    : HHH000412: Hibernate ORM core version 6.2.7.Final
2023-09-16T00:06:50.966+07:00  INFO 9292 --- [restartedMain] org.hibernate.cfg.Environment            : HHH000406: Using bytecode reflection optimizer
2023-09-16T00:06:51.070+07:00  INFO 9292 --- [restartedMain] o.h.b.i.BytecodeProviderInitiator        : HHH000021: Bytecode provider name : bytebuddy
2023-09-16T00:06:51.156+07:00  INFO 9292 --- [restartedMain] o.s.o.j.p.SpringPersistenceUnitInfo      : No LoadTimeWeaver setup: ignoring JPA class transformer
2023-09-16T00:06:51.167+07:00  INFO 9292 --- [restartedMain] com.zaxxer.hikari.HikariDataSource       : HikariPool-1 - Starting...
2023-09-16T00:06:51.364+07:00  INFO 9292 --- [restartedMain] com.zaxxer.hikari.pool.HikariPool        : HikariPool-1 - Added connection com.mysql.cj.jdbc.ConnectionImpl@1236d3f6
2023-09-16T00:06:51.366+07:00  INFO 9292 --- [restartedMain] com.zaxxer.hikari.HikariDataSource       : HikariPool-1 - Start completed.
2023-09-16T00:06:51.540+07:00  INFO 9292 --- [restartedMain] o.h.b.i.BytecodeProviderInitiator        : HHH000021: Bytecode provider name : bytebuddy
2023-09-16T00:06:51.974+07:00  INFO 9292 --- [restartedMain] o.h.e.t.j.p.i.JtaPlatformInitiator       : HHH000490: Using JtaPlatform implementation: [org.hibernate.engine.transaction.jta.platform.internal.NoJtaPlatform]
2023-09-16T00:06:52.016+07:00  INFO 9292 --- [restartedMain] j.LocalContainerEntityManagerFactoryBean : Initialized JPA EntityManagerFactory for persistence unit 'default'
2023-09-16T00:06:52.320+07:00  WARN 9292 --- [restartedMain] JpaBaseConfiguration$JpaWebConfiguration : spring.jpa.open-in-view is enabled by default. Therefore, database queries may be performed during view rendering. Explicitly configure spring.jpa.open-in-view to disable this warning
2023-09-16T00:06:52.556+07:00  INFO 9292 --- [restartedMain] o.s.s.web.DefaultSecurityFilterChain     : Will secure any request with [org.springframework.security.web.session.DisableEncodeUrlFilter@29a8a0f1, org.springframework.security.web.context.request.async.WebAsyncManagerIntegrationFilter@728a911a, org.springframework.security.web.context.SecurityContextHolderFilter@39836fa0, org.springframework.security.web.header.HeaderWriterFilter@7a9cb7e9, org.springframework.security.web.authentication.logout.LogoutFilter@700e5fb0, com.example.basespringboot.config.JwtAuthenticationFilter@222ab6d2, org.springframework.security.web.savedrequest.RequestCacheAwareFilter@1eb26e51, org.springframework.security.web.servletapi.SecurityContextHolderAwareRequestFilter@39183945, org.springframework.security.web.authentication.AnonymousAuthenticationFilter@573426ea, org.springframework.security.web.session.SessionManagementFilter@1a641ac5, org.springframework.security.web.access.ExceptionTranslationFilter@7c5a9e8c, org.springframework.security.web.access.intercept.AuthorizationFilter@75d5d593]
2023-09-16T00:06:52.718+07:00  INFO 9292 --- [restartedMain] o.s.b.d.a.OptionalLiveReloadServer       : LiveReload server is running on port 35729
2023-09-16T00:06:52.742+07:00  INFO 9292 --- [restartedMain] o.s.b.w.embedded.tomcat.TomcatWebServer  : Tomcat started on port(s): 8080 (http) with context path ''
2023-09-16T00:06:52.749+07:00  INFO 9292 --- [restartedMain] c.e.b.BaseSpringBootApplication          : Started BaseSpringBootApplication in 3.219 seconds (process running for 3.797)
2023-09-16T00:07:19.130+07:00  INFO 9292 --- [http-nio-8080-exec-1] o.a.c.c.C.[Tomcat].[localhost].[/]       : Initializing Spring DispatcherServlet 'dispatcherServlet'
2023-09-16T00:07:19.131+07:00  INFO 9292 --- [http-nio-8080-exec-1] o.s.web.servlet.DispatcherServlet        : Initializing Servlet 'dispatcherServlet'
2023-09-16T00:07:19.132+07:00  INFO 9292 --- [http-nio-8080-exec-1] o.s.web.servlet.DispatcherServlet        : Completed initialization in 1 ms
2023-09-16T00:07:19.217+07:00  INFO 9292 --- [http-nio-8080-exec-1] c.e.b.l.CustomRequestBodyAdviceAdapter   : ______________________________REQUEST_________________________________________________________________________________________________
2023-09-16T00:07:19.217+07:00  INFO 9292 --- [http-nio-8080-exec-1] c.e.b.l.CustomRequestBodyAdviceAdapter   : UUID: e63d87a5-5c3d-4864-a102-f8f08a2e84f4
2023-09-16T00:07:19.217+07:00  INFO 9292 --- [http-nio-8080-exec-1] c.e.b.l.CustomRequestBodyAdviceAdapter   : PATH: /user/remove
2023-09-16T00:07:19.218+07:00  INFO 9292 --- [http-nio-8080-exec-1] c.e.b.l.CustomRequestBodyAdviceAdapter   : USER: anonymousUser
2023-09-16T00:07:19.218+07:00  INFO 9292 --- [http-nio-8080-exec-1] c.e.b.l.CustomRequestBodyAdviceAdapter   : REQUEST BODY: RegisterRequest(userAdmin=Aiit, passwordAdmin=Aiit@2023, userName=admin, password=null, role=null)
2023-09-16T00:07:19.376+07:00  INFO 9292 --- [http-nio-8080-exec-1] c.e.b.l.CustomResponseBodyAdviceAdapter  : ______________________________RESPONSE_________________________________________________________________________________________________
2023-09-16T00:07:19.376+07:00  INFO 9292 --- [http-nio-8080-exec-1] c.e.b.l.CustomResponseBodyAdviceAdapter  : UUID: e63d87a5-5c3d-4864-a102-f8f08a2e84f4
2023-09-16T00:07:19.376+07:00  INFO 9292 --- [http-nio-8080-exec-1] c.e.b.l.CustomResponseBodyAdviceAdapter  : PATH: /user/remove
2023-09-16T00:07:19.376+07:00  INFO 9292 --- [http-nio-8080-exec-1] c.e.b.l.CustomResponseBodyAdviceAdapter  : USER: anonymousUser
2023-09-16T00:07:19.376+07:00  INFO 9292 --- [http-nio-8080-exec-1] c.e.b.l.CustomResponseBodyAdviceAdapter  : RESPONSE: Xóa tài khoản thành công: admin
2023-09-16T00:07:34.248+07:00  INFO 9292 --- [http-nio-8080-exec-5] c.e.b.l.CustomResponseBodyAdviceAdapter  : ______________________________RESPONSE_________________________________________________________________________________________________
2023-09-16T00:07:34.249+07:00  INFO 9292 --- [http-nio-8080-exec-5] c.e.b.l.CustomResponseBodyAdviceAdapter  : UUID: null
2023-09-16T00:07:34.249+07:00  INFO 9292 --- [http-nio-8080-exec-5] c.e.b.l.CustomResponseBodyAdviceAdapter  : PATH: null
2023-09-16T00:07:34.249+07:00  INFO 9292 --- [http-nio-8080-exec-5] c.e.b.l.CustomResponseBodyAdviceAdapter  : USER: anonymousUser
2023-09-16T00:07:34.249+07:00  INFO 9292 --- [http-nio-8080-exec-5] c.e.b.l.CustomResponseBodyAdviceAdapter  : RESPONSE: [User(id=3, userName=Aiit, password=$2a$10$Zd8IDxWMXdALLpepyzLfbuUdgO.VxS9iwr/UbyZs/zxzk3vvBaGXe, role=admin), User(id=4, userName=livebank, password=$2a$10$vc5rw8q9V1EUWcNilPT9le4ChxqFWoCVpmLYcCRZwElmf2BNJIBZ., role=admin), User(id=5, userName=livebank1, password=$2a$10$GLxC1244hU4WKykoujohm.YkWOxAfkuKYhwXLaeFU.BUfpu29hL/W, role=admin)]
2023-09-16T00:07:37.948+07:00  INFO 9292 --- [http-nio-8080-exec-2] c.e.b.l.CustomResponseBodyAdviceAdapter  : ______________________________RESPONSE_________________________________________________________________________________________________
2023-09-16T00:07:37.948+07:00  INFO 9292 --- [http-nio-8080-exec-2] c.e.b.l.CustomResponseBodyAdviceAdapter  : UUID: null
2023-09-16T00:07:37.948+07:00  INFO 9292 --- [http-nio-8080-exec-2] c.e.b.l.CustomResponseBodyAdviceAdapter  : PATH: null
2023-09-16T00:07:37.948+07:00  INFO 9292 --- [http-nio-8080-exec-2] c.e.b.l.CustomResponseBodyAdviceAdapter  : USER: anonymousUser
2023-09-16T00:07:37.948+07:00  INFO 9292 --- [http-nio-8080-exec-2] c.e.b.l.CustomResponseBodyAdviceAdapter  : RESPONSE: [User(id=3, userName=Aiit, password=$2a$10$Zd8IDxWMXdALLpepyzLfbuUdgO.VxS9iwr/UbyZs/zxzk3vvBaGXe, role=admin), User(id=4, userName=livebank, password=$2a$10$vc5rw8q9V1EUWcNilPT9le4ChxqFWoCVpmLYcCRZwElmf2BNJIBZ., role=admin), User(id=5, userName=livebank1, password=$2a$10$GLxC1244hU4WKykoujohm.YkWOxAfkuKYhwXLaeFU.BUfpu29hL/W, role=admin)]
2023-09-16T00:07:54.140+07:00  INFO 9292 --- [http-nio-8080-exec-6] c.e.b.l.CustomRequestBodyAdviceAdapter   : ______________________________REQUEST_________________________________________________________________________________________________
2023-09-16T00:07:54.140+07:00  INFO 9292 --- [http-nio-8080-exec-6] c.e.b.l.CustomRequestBodyAdviceAdapter   : UUID: 4691968a-c7b5-4285-a257-882ed1a68744
2023-09-16T00:07:54.140+07:00  INFO 9292 --- [http-nio-8080-exec-6] c.e.b.l.CustomRequestBodyAdviceAdapter   : PATH: /user/remove
2023-09-16T00:07:54.140+07:00  INFO 9292 --- [http-nio-8080-exec-6] c.e.b.l.CustomRequestBodyAdviceAdapter   : USER: anonymousUser
2023-09-16T00:07:54.140+07:00  INFO 9292 --- [http-nio-8080-exec-6] c.e.b.l.CustomRequestBodyAdviceAdapter   : REQUEST BODY: RegisterRequest(userAdmin=Aiit, passwordAdmin=Aiit@2023, userName=null, password=null, role=null)
2023-09-16T00:07:54.142+07:00  INFO 9292 --- [http-nio-8080-exec-6] c.e.b.l.CustomResponseBodyAdviceAdapter  : ______________________________RESPONSE_________________________________________________________________________________________________
2023-09-16T00:07:54.142+07:00  INFO 9292 --- [http-nio-8080-exec-6] c.e.b.l.CustomResponseBodyAdviceAdapter  : UUID: 4691968a-c7b5-4285-a257-882ed1a68744
2023-09-16T00:07:54.142+07:00  INFO 9292 --- [http-nio-8080-exec-6] c.e.b.l.CustomResponseBodyAdviceAdapter  : PATH: /user/remove
2023-09-16T00:07:54.142+07:00  INFO 9292 --- [http-nio-8080-exec-6] c.e.b.l.CustomResponseBodyAdviceAdapter  : USER: anonymousUser
2023-09-16T00:07:54.142+07:00  INFO 9292 --- [http-nio-8080-exec-6] c.e.b.l.CustomResponseBodyAdviceAdapter  : RESPONSE: Có lỗi Runtime trong quá trình xử lý: User không thể để trống !
2023-09-16T00:07:54.143+07:00  WARN 9292 --- [http-nio-8080-exec-6] .m.m.a.ExceptionHandlerExceptionResolver : Resolved [java.lang.NullPointerException: User không thể để trống !]
2023-09-16T00:08:46.792+07:00  INFO 9292 --- [http-nio-8080-exec-7] c.e.b.l.CustomResponseBodyAdviceAdapter  : ______________________________RESPONSE_________________________________________________________________________________________________
2023-09-16T00:08:46.792+07:00  INFO 9292 --- [http-nio-8080-exec-7] c.e.b.l.CustomResponseBodyAdviceAdapter  : UUID: null
2023-09-16T00:08:46.792+07:00  INFO 9292 --- [http-nio-8080-exec-7] c.e.b.l.CustomResponseBodyAdviceAdapter  : PATH: null
2023-09-16T00:08:46.793+07:00  INFO 9292 --- [http-nio-8080-exec-7] c.e.b.l.CustomResponseBodyAdviceAdapter  : USER: anonymousUser
2023-09-16T00:08:46.793+07:00  INFO 9292 --- [http-nio-8080-exec-7] c.e.b.l.CustomResponseBodyAdviceAdapter  : RESPONSE: [User(id=3, userName=Aiit, password=$2a$10$Zd8IDxWMXdALLpepyzLfbuUdgO.VxS9iwr/UbyZs/zxzk3vvBaGXe, role=admin), User(id=4, userName=livebank, password=$2a$10$vc5rw8q9V1EUWcNilPT9le4ChxqFWoCVpmLYcCRZwElmf2BNJIBZ., role=admin), User(id=5, userName=livebank1, password=$2a$10$GLxC1244hU4WKykoujohm.YkWOxAfkuKYhwXLaeFU.BUfpu29hL/W, role=admin)]
2023-09-16T00:08:48.479+07:00  INFO 9292 --- [http-nio-8080-exec-8] c.e.b.l.CustomRequestBodyAdviceAdapter   : ______________________________REQUEST_________________________________________________________________________________________________
2023-09-16T00:08:48.479+07:00  INFO 9292 --- [http-nio-8080-exec-8] c.e.b.l.CustomRequestBodyAdviceAdapter   : UUID: 9cff7f36-39f3-4c22-bc14-cda2106d594b
2023-09-16T00:08:48.479+07:00  INFO 9292 --- [http-nio-8080-exec-8] c.e.b.l.CustomRequestBodyAdviceAdapter   : PATH: /user/remove
2023-09-16T00:08:48.479+07:00  INFO 9292 --- [http-nio-8080-exec-8] c.e.b.l.CustomRequestBodyAdviceAdapter   : USER: anonymousUser
2023-09-16T00:08:48.479+07:00  INFO 9292 --- [http-nio-8080-exec-8] c.e.b.l.CustomRequestBodyAdviceAdapter   : REQUEST BODY: RegisterRequest(userAdmin=Aiit, passwordAdmin=Aiit@2023, userName=livebank1, password=null, role=null)
2023-09-16T00:08:48.485+07:00  INFO 9292 --- [http-nio-8080-exec-8] c.e.b.l.CustomResponseBodyAdviceAdapter  : ______________________________RESPONSE_________________________________________________________________________________________________
2023-09-16T00:08:48.485+07:00  INFO 9292 --- [http-nio-8080-exec-8] c.e.b.l.CustomResponseBodyAdviceAdapter  : UUID: 9cff7f36-39f3-4c22-bc14-cda2106d594b
2023-09-16T00:08:48.486+07:00  INFO 9292 --- [http-nio-8080-exec-8] c.e.b.l.CustomResponseBodyAdviceAdapter  : PATH: /user/remove
2023-09-16T00:08:48.486+07:00  INFO 9292 --- [http-nio-8080-exec-8] c.e.b.l.CustomResponseBodyAdviceAdapter  : USER: anonymousUser
2023-09-16T00:08:48.486+07:00  INFO 9292 --- [http-nio-8080-exec-8] c.e.b.l.CustomResponseBodyAdviceAdapter  : RESPONSE: Xóa tài khoản thành công: livebank1
2023-09-16T00:09:00.046+07:00  INFO 9292 --- [http-nio-8080-exec-9] c.e.b.l.CustomRequestBodyAdviceAdapter   : ______________________________REQUEST_________________________________________________________________________________________________
2023-09-16T00:09:00.047+07:00  INFO 9292 --- [http-nio-8080-exec-9] c.e.b.l.CustomRequestBodyAdviceAdapter   : UUID: ccdb56c3-14b8-46d0-bc99-9af63aedfeb8
2023-09-16T00:09:00.047+07:00  INFO 9292 --- [http-nio-8080-exec-9] c.e.b.l.CustomRequestBodyAdviceAdapter   : PATH: /user/remove
2023-09-16T00:09:00.047+07:00  INFO 9292 --- [http-nio-8080-exec-9] c.e.b.l.CustomRequestBodyAdviceAdapter   : USER: anonymousUser
2023-09-16T00:09:00.047+07:00  INFO 9292 --- [http-nio-8080-exec-9] c.e.b.l.CustomRequestBodyAdviceAdapter   : REQUEST BODY: RegisterRequest(userAdmin=Aiit, passwordAdmin=Aiit@2023, userName=livebank1, password=null, role=null)
2023-09-16T00:09:00.049+07:00  INFO 9292 --- [http-nio-8080-exec-9] c.e.b.l.CustomResponseBodyAdviceAdapter  : ______________________________RESPONSE_________________________________________________________________________________________________
2023-09-16T00:09:00.049+07:00  INFO 9292 --- [http-nio-8080-exec-9] c.e.b.l.CustomResponseBodyAdviceAdapter  : UUID: ccdb56c3-14b8-46d0-bc99-9af63aedfeb8
2023-09-16T00:09:00.049+07:00  INFO 9292 --- [http-nio-8080-exec-9] c.e.b.l.CustomResponseBodyAdviceAdapter  : PATH: /user/remove
2023-09-16T00:09:00.049+07:00  INFO 9292 --- [http-nio-8080-exec-9] c.e.b.l.CustomResponseBodyAdviceAdapter  : USER: anonymousUser
2023-09-16T00:09:00.050+07:00  INFO 9292 --- [http-nio-8080-exec-9] c.e.b.l.CustomResponseBodyAdviceAdapter  : RESPONSE: Có lỗi Runtime trong quá trình xử lý: Không tìm thấy tài khoản với user name: livebank1
2023-09-16T00:09:00.050+07:00  WARN 9292 --- [http-nio-8080-exec-9] .m.m.a.ExceptionHandlerExceptionResolver : Resolved [org.springframework.security.core.userdetails.UsernameNotFoundException: Không tìm thấy tài khoản với user name: livebank1]
2023-09-16T00:09:06.228+07:00  INFO 9292 --- [http-nio-8080-exec-10] c.e.b.l.CustomRequestBodyAdviceAdapter   : ______________________________REQUEST_________________________________________________________________________________________________
2023-09-16T00:09:06.228+07:00  INFO 9292 --- [http-nio-8080-exec-10] c.e.b.l.CustomRequestBodyAdviceAdapter   : UUID: bd4ac5d8-c738-4183-8cb0-50f0caf7d78e
2023-09-16T00:09:06.228+07:00  INFO 9292 --- [http-nio-8080-exec-10] c.e.b.l.CustomRequestBodyAdviceAdapter   : PATH: /user/remove
2023-09-16T00:09:06.228+07:00  INFO 9292 --- [http-nio-8080-exec-10] c.e.b.l.CustomRequestBodyAdviceAdapter   : USER: anonymousUser
2023-09-16T00:09:06.228+07:00  INFO 9292 --- [http-nio-8080-exec-10] c.e.b.l.CustomRequestBodyAdviceAdapter   : REQUEST BODY: RegisterRequest(userAdmin=Aiit, passwordAdmin=Aiit@2023, userName=livebank1, password=null, role=null)
2023-09-16T00:09:06.230+07:00  INFO 9292 --- [http-nio-8080-exec-10] c.e.b.l.CustomResponseBodyAdviceAdapter  : ______________________________RESPONSE_________________________________________________________________________________________________
2023-09-16T00:09:06.231+07:00  INFO 9292 --- [http-nio-8080-exec-10] c.e.b.l.CustomResponseBodyAdviceAdapter  : UUID: bd4ac5d8-c738-4183-8cb0-50f0caf7d78e
2023-09-16T00:09:06.231+07:00  INFO 9292 --- [http-nio-8080-exec-10] c.e.b.l.CustomResponseBodyAdviceAdapter  : PATH: /user/remove
2023-09-16T00:09:06.231+07:00  INFO 9292 --- [http-nio-8080-exec-10] c.e.b.l.CustomResponseBodyAdviceAdapter  : USER: anonymousUser
2023-09-16T00:09:06.231+07:00  INFO 9292 --- [http-nio-8080-exec-10] c.e.b.l.CustomResponseBodyAdviceAdapter  : RESPONSE: Có lỗi Runtime trong quá trình xử lý: Không tìm thấy tài khoản với user name: livebank1
2023-09-16T00:09:06.231+07:00  WARN 9292 --- [http-nio-8080-exec-10] .m.m.a.ExceptionHandlerExceptionResolver : Resolved [org.springframework.security.core.userdetails.UsernameNotFoundException: Không tìm thấy tài khoản với user name: livebank1]
2023-09-16T00:09:16.997+07:00  INFO 9292 --- [http-nio-8080-exec-4] c.e.b.l.CustomResponseBodyAdviceAdapter  : ______________________________RESPONSE_________________________________________________________________________________________________
2023-09-16T00:09:16.997+07:00  INFO 9292 --- [http-nio-8080-exec-4] c.e.b.l.CustomResponseBodyAdviceAdapter  : UUID: null
2023-09-16T00:09:16.997+07:00  INFO 9292 --- [http-nio-8080-exec-4] c.e.b.l.CustomResponseBodyAdviceAdapter  : PATH: null
2023-09-16T00:09:16.997+07:00  INFO 9292 --- [http-nio-8080-exec-4] c.e.b.l.CustomResponseBodyAdviceAdapter  : USER: anonymousUser
2023-09-16T00:09:16.997+07:00  INFO 9292 --- [http-nio-8080-exec-4] c.e.b.l.CustomResponseBodyAdviceAdapter  : RESPONSE: [User(id=3, userName=Aiit, password=$2a$10$Zd8IDxWMXdALLpepyzLfbuUdgO.VxS9iwr/UbyZs/zxzk3vvBaGXe, role=admin), User(id=4, userName=livebank, password=$2a$10$vc5rw8q9V1EUWcNilPT9le4ChxqFWoCVpmLYcCRZwElmf2BNJIBZ., role=admin)]
2023-09-16T00:09:34.282+07:00  INFO 9292 --- [http-nio-8080-exec-1] c.e.b.l.CustomResponseBodyAdviceAdapter  : ______________________________RESPONSE_________________________________________________________________________________________________
2023-09-16T00:09:34.283+07:00  INFO 9292 --- [http-nio-8080-exec-1] c.e.b.l.CustomResponseBodyAdviceAdapter  : UUID: e63d87a5-5c3d-4864-a102-f8f08a2e84f4
2023-09-16T00:09:34.283+07:00  INFO 9292 --- [http-nio-8080-exec-1] c.e.b.l.CustomResponseBodyAdviceAdapter  : PATH: /user/remove
2023-09-16T00:09:34.283+07:00  INFO 9292 --- [http-nio-8080-exec-1] c.e.b.l.CustomResponseBodyAdviceAdapter  : USER: anonymousUser
2023-09-16T00:09:34.283+07:00  INFO 9292 --- [http-nio-8080-exec-1] c.e.b.l.CustomResponseBodyAdviceAdapter  : RESPONSE: [User(id=3, userName=Aiit, password=$2a$10$Zd8IDxWMXdALLpepyzLfbuUdgO.VxS9iwr/UbyZs/zxzk3vvBaGXe, role=admin), User(id=4, userName=livebank, password=$2a$10$vc5rw8q9V1EUWcNilPT9le4ChxqFWoCVpmLYcCRZwElmf2BNJIBZ., role=admin)]
2023-09-16T00:09:54.099+07:00  INFO 9292 --- [http-nio-8080-exec-5] c.e.b.l.CustomResponseBodyAdviceAdapter  : ______________________________RESPONSE_________________________________________________________________________________________________
2023-09-16T00:09:54.099+07:00  INFO 9292 --- [http-nio-8080-exec-5] c.e.b.l.CustomResponseBodyAdviceAdapter  : UUID: null
2023-09-16T00:09:54.099+07:00  INFO 9292 --- [http-nio-8080-exec-5] c.e.b.l.CustomResponseBodyAdviceAdapter  : PATH: null
2023-09-16T00:09:54.099+07:00  INFO 9292 --- [http-nio-8080-exec-5] c.e.b.l.CustomResponseBodyAdviceAdapter  : USER: anonymousUser
2023-09-16T00:09:54.100+07:00  INFO 9292 --- [http-nio-8080-exec-5] c.e.b.l.CustomResponseBodyAdviceAdapter  : RESPONSE: [User(id=3, userName=Aiit, password=$2a$10$Zd8IDxWMXdALLpepyzLfbuUdgO.VxS9iwr/UbyZs/zxzk3vvBaGXe, role=admin), User(id=4, userName=livebank, password=$2a$10$vc5rw8q9V1EUWcNilPT9le4ChxqFWoCVpmLYcCRZwElmf2BNJIBZ., role=admin)]
2023-09-16T00:09:59.062+07:00  INFO 9292 --- [http-nio-8080-exec-2] c.e.b.l.CustomResponseBodyAdviceAdapter  : ______________________________RESPONSE_________________________________________________________________________________________________
2023-09-16T00:09:59.062+07:00  INFO 9292 --- [http-nio-8080-exec-2] c.e.b.l.CustomResponseBodyAdviceAdapter  : UUID: null
2023-09-16T00:09:59.062+07:00  INFO 9292 --- [http-nio-8080-exec-2] c.e.b.l.CustomResponseBodyAdviceAdapter  : PATH: null
2023-09-16T00:09:59.062+07:00  INFO 9292 --- [http-nio-8080-exec-2] c.e.b.l.CustomResponseBodyAdviceAdapter  : USER: anonymousUser
2023-09-16T00:09:59.062+07:00  INFO 9292 --- [http-nio-8080-exec-2] c.e.b.l.CustomResponseBodyAdviceAdapter  : RESPONSE: [User(id=3, userName=Aiit, password=$2a$10$Zd8IDxWMXdALLpepyzLfbuUdgO.VxS9iwr/UbyZs/zxzk3vvBaGXe, role=admin), User(id=4, userName=livebank, password=$2a$10$vc5rw8q9V1EUWcNilPT9le4ChxqFWoCVpmLYcCRZwElmf2BNJIBZ., role=admin)]
2023-09-16T00:10:05.783+07:00  INFO 9292 --- [http-nio-8080-exec-6] c.e.b.l.CustomResponseBodyAdviceAdapter  : ______________________________RESPONSE_________________________________________________________________________________________________
2023-09-16T00:10:05.783+07:00  INFO 9292 --- [http-nio-8080-exec-6] c.e.b.l.CustomResponseBodyAdviceAdapter  : UUID: 4691968a-c7b5-4285-a257-882ed1a68744
2023-09-16T00:10:05.783+07:00  INFO 9292 --- [http-nio-8080-exec-6] c.e.b.l.CustomResponseBodyAdviceAdapter  : PATH: /user/remove
2023-09-16T00:10:05.783+07:00  INFO 9292 --- [http-nio-8080-exec-6] c.e.b.l.CustomResponseBodyAdviceAdapter  : USER: anonymousUser
2023-09-16T00:10:05.783+07:00  INFO 9292 --- [http-nio-8080-exec-6] c.e.b.l.CustomResponseBodyAdviceAdapter  : RESPONSE: [User(id=3, userName=Aiit, password=$2a$10$Zd8IDxWMXdALLpepyzLfbuUdgO.VxS9iwr/UbyZs/zxzk3vvBaGXe, role=admin), User(id=4, userName=livebank, password=$2a$10$vc5rw8q9V1EUWcNilPT9le4ChxqFWoCVpmLYcCRZwElmf2BNJIBZ., role=admin)]
2023-09-16T00:10:06.828+07:00  INFO 9292 --- [http-nio-8080-exec-3] c.e.b.l.CustomResponseBodyAdviceAdapter  : ______________________________RESPONSE_________________________________________________________________________________________________
2023-09-16T00:10:06.829+07:00  INFO 9292 --- [http-nio-8080-exec-3] c.e.b.l.CustomResponseBodyAdviceAdapter  : UUID: null
2023-09-16T00:10:06.829+07:00  INFO 9292 --- [http-nio-8080-exec-3] c.e.b.l.CustomResponseBodyAdviceAdapter  : PATH: null
2023-09-16T00:10:06.829+07:00  INFO 9292 --- [http-nio-8080-exec-3] c.e.b.l.CustomResponseBodyAdviceAdapter  : USER: anonymousUser
2023-09-16T00:10:06.829+07:00  INFO 9292 --- [http-nio-8080-exec-3] c.e.b.l.CustomResponseBodyAdviceAdapter  : RESPONSE: [User(id=3, userName=Aiit, password=$2a$10$Zd8IDxWMXdALLpepyzLfbuUdgO.VxS9iwr/UbyZs/zxzk3vvBaGXe, role=admin), User(id=4, userName=livebank, password=$2a$10$vc5rw8q9V1EUWcNilPT9le4ChxqFWoCVpmLYcCRZwElmf2BNJIBZ., role=admin)]
2023-09-16T00:10:29.430+07:00  INFO 9292 --- [http-nio-8080-exec-8] c.e.b.l.CustomRequestBodyAdviceAdapter   : ______________________________REQUEST_________________________________________________________________________________________________
2023-09-16T00:10:29.430+07:00  INFO 9292 --- [http-nio-8080-exec-8] c.e.b.l.CustomRequestBodyAdviceAdapter   : UUID: 6460ea46-ddbb-40e5-ad9e-8dc3bec2dfbd
2023-09-16T00:10:29.430+07:00  INFO 9292 --- [http-nio-8080-exec-8] c.e.b.l.CustomRequestBodyAdviceAdapter   : PATH: /user/signup
2023-09-16T00:10:29.430+07:00  INFO 9292 --- [http-nio-8080-exec-8] c.e.b.l.CustomRequestBodyAdviceAdapter   : USER: anonymousUser
2023-09-16T00:10:29.430+07:00  INFO 9292 --- [http-nio-8080-exec-8] c.e.b.l.CustomRequestBodyAdviceAdapter   : REQUEST BODY: RegisterRequest(userAdmin=Aiit, passwordAdmin=Aiit@2023, userName=null, password=livebank@2023, role=admin)
2023-09-16T00:10:29.430+07:00  INFO 9292 --- [http-nio-8080-exec-8] c.e.b.l.CustomResponseBodyAdviceAdapter  : ______________________________RESPONSE_________________________________________________________________________________________________
2023-09-16T00:10:29.430+07:00  INFO 9292 --- [http-nio-8080-exec-8] c.e.b.l.CustomResponseBodyAdviceAdapter  : UUID: 6460ea46-ddbb-40e5-ad9e-8dc3bec2dfbd
2023-09-16T00:10:29.430+07:00  INFO 9292 --- [http-nio-8080-exec-8] c.e.b.l.CustomResponseBodyAdviceAdapter  : PATH: /user/signup
2023-09-16T00:10:29.430+07:00  INFO 9292 --- [http-nio-8080-exec-8] c.e.b.l.CustomResponseBodyAdviceAdapter  : USER: anonymousUser
2023-09-16T00:10:29.430+07:00  INFO 9292 --- [http-nio-8080-exec-8] c.e.b.l.CustomResponseBodyAdviceAdapter  : RESPONSE: Có lỗi Runtime trong quá trình xử lý: User, password, role không thể để trống !
2023-09-16T00:10:29.431+07:00  WARN 9292 --- [http-nio-8080-exec-8] .m.m.a.ExceptionHandlerExceptionResolver : Resolved [java.lang.NullPointerException: User, password, role không thể để trống !]
2023-09-16T00:10:31.663+07:00  INFO 9292 --- [http-nio-8080-exec-9] c.e.b.l.CustomRequestBodyAdviceAdapter   : ______________________________REQUEST_________________________________________________________________________________________________
2023-09-16T00:10:31.663+07:00  INFO 9292 --- [http-nio-8080-exec-9] c.e.b.l.CustomRequestBodyAdviceAdapter   : UUID: e6234a22-0a14-4fc6-985c-308242b6d9ac
2023-09-16T00:10:31.663+07:00  INFO 9292 --- [http-nio-8080-exec-9] c.e.b.l.CustomRequestBodyAdviceAdapter   : PATH: /user/signup
2023-09-16T00:10:31.663+07:00  INFO 9292 --- [http-nio-8080-exec-9] c.e.b.l.CustomRequestBodyAdviceAdapter   : USER: anonymousUser
2023-09-16T00:10:31.663+07:00  INFO 9292 --- [http-nio-8080-exec-9] c.e.b.l.CustomRequestBodyAdviceAdapter   : REQUEST BODY: RegisterRequest(userAdmin=Aiit, passwordAdmin=Aiit@2023, userName=null, password=livebank@2023, role=admin)
2023-09-16T00:10:31.664+07:00  INFO 9292 --- [http-nio-8080-exec-9] c.e.b.l.CustomResponseBodyAdviceAdapter  : ______________________________RESPONSE_________________________________________________________________________________________________
2023-09-16T00:10:31.664+07:00  INFO 9292 --- [http-nio-8080-exec-9] c.e.b.l.CustomResponseBodyAdviceAdapter  : UUID: e6234a22-0a14-4fc6-985c-308242b6d9ac
2023-09-16T00:10:31.664+07:00  INFO 9292 --- [http-nio-8080-exec-9] c.e.b.l.CustomResponseBodyAdviceAdapter  : PATH: /user/signup
2023-09-16T00:10:31.664+07:00  INFO 9292 --- [http-nio-8080-exec-9] c.e.b.l.CustomResponseBodyAdviceAdapter  : USER: anonymousUser
2023-09-16T00:10:31.664+07:00  INFO 9292 --- [http-nio-8080-exec-9] c.e.b.l.CustomResponseBodyAdviceAdapter  : RESPONSE: Có lỗi Runtime trong quá trình xử lý: User, password, role không thể để trống !
2023-09-16T00:10:31.664+07:00  WARN 9292 --- [http-nio-8080-exec-9] .m.m.a.ExceptionHandlerExceptionResolver : Resolved [java.lang.NullPointerException: User, password, role không thể để trống !]
2023-09-16T00:10:43.497+07:00  INFO 9292 --- [http-nio-8080-exec-10] c.e.b.l.CustomRequestBodyAdviceAdapter   : ______________________________REQUEST_________________________________________________________________________________________________
2023-09-16T00:10:43.497+07:00  INFO 9292 --- [http-nio-8080-exec-10] c.e.b.l.CustomRequestBodyAdviceAdapter   : UUID: 4178e2b9-a948-4da8-ba66-989e03e91f0e
2023-09-16T00:10:43.497+07:00  INFO 9292 --- [http-nio-8080-exec-10] c.e.b.l.CustomRequestBodyAdviceAdapter   : PATH: /user/signup
2023-09-16T00:10:43.497+07:00  INFO 9292 --- [http-nio-8080-exec-10] c.e.b.l.CustomRequestBodyAdviceAdapter   : USER: anonymousUser
2023-09-16T00:10:43.497+07:00  INFO 9292 --- [http-nio-8080-exec-10] c.e.b.l.CustomRequestBodyAdviceAdapter   : REQUEST BODY: RegisterRequest(userAdmin=Aiit, passwordAdmin=Aiit@2023, userName=livebank1, password=livebank@2023, role=admin)
2023-09-16T00:10:43.591+07:00  INFO 9292 --- [http-nio-8080-exec-10] c.e.b.l.CustomResponseBodyAdviceAdapter  : ______________________________RESPONSE_________________________________________________________________________________________________
2023-09-16T00:10:43.591+07:00  INFO 9292 --- [http-nio-8080-exec-10] c.e.b.l.CustomResponseBodyAdviceAdapter  : UUID: 4178e2b9-a948-4da8-ba66-989e03e91f0e
2023-09-16T00:10:43.591+07:00  INFO 9292 --- [http-nio-8080-exec-10] c.e.b.l.CustomResponseBodyAdviceAdapter  : PATH: /user/signup
2023-09-16T00:10:43.591+07:00  INFO 9292 --- [http-nio-8080-exec-10] c.e.b.l.CustomResponseBodyAdviceAdapter  : USER: anonymousUser
2023-09-16T00:10:43.591+07:00  INFO 9292 --- [http-nio-8080-exec-10] c.e.b.l.CustomResponseBodyAdviceAdapter  : RESPONSE: Đăng ký tài khoản thành công !
2023-09-16T00:10:48.698+07:00  INFO 9292 --- [http-nio-8080-exec-4] c.e.b.l.CustomRequestBodyAdviceAdapter   : ______________________________REQUEST_________________________________________________________________________________________________
2023-09-16T00:10:48.698+07:00  INFO 9292 --- [http-nio-8080-exec-4] c.e.b.l.CustomRequestBodyAdviceAdapter   : UUID: e33897e0-e77e-430f-b94b-dbe1e0ee8652
2023-09-16T00:10:48.698+07:00  INFO 9292 --- [http-nio-8080-exec-4] c.e.b.l.CustomRequestBodyAdviceAdapter   : PATH: /user/signup
2023-09-16T00:10:48.699+07:00  INFO 9292 --- [http-nio-8080-exec-4] c.e.b.l.CustomRequestBodyAdviceAdapter   : USER: anonymousUser
2023-09-16T00:10:48.699+07:00  INFO 9292 --- [http-nio-8080-exec-4] c.e.b.l.CustomRequestBodyAdviceAdapter   : REQUEST BODY: RegisterRequest(userAdmin=Aiit, passwordAdmin=Aiit@2023, userName=livebank2, password=livebank@2023, role=admin)
2023-09-16T00:10:48.780+07:00  INFO 9292 --- [http-nio-8080-exec-4] c.e.b.l.CustomResponseBodyAdviceAdapter  : ______________________________RESPONSE_________________________________________________________________________________________________
2023-09-16T00:10:48.780+07:00  INFO 9292 --- [http-nio-8080-exec-4] c.e.b.l.CustomResponseBodyAdviceAdapter  : UUID: e33897e0-e77e-430f-b94b-dbe1e0ee8652
2023-09-16T00:10:48.780+07:00  INFO 9292 --- [http-nio-8080-exec-4] c.e.b.l.CustomResponseBodyAdviceAdapter  : PATH: /user/signup
2023-09-16T00:10:48.780+07:00  INFO 9292 --- [http-nio-8080-exec-4] c.e.b.l.CustomResponseBodyAdviceAdapter  : USER: anonymousUser
2023-09-16T00:10:48.780+07:00  INFO 9292 --- [http-nio-8080-exec-4] c.e.b.l.CustomResponseBodyAdviceAdapter  : RESPONSE: Đăng ký tài khoản thành công !
2023-09-16T00:10:51.967+07:00  INFO 9292 --- [http-nio-8080-exec-1] c.e.b.l.CustomRequestBodyAdviceAdapter   : ______________________________REQUEST_________________________________________________________________________________________________
2023-09-16T00:10:51.967+07:00  INFO 9292 --- [http-nio-8080-exec-1] c.e.b.l.CustomRequestBodyAdviceAdapter   : UUID: 095d2340-bd99-4f9e-8700-4121971dce5d
2023-09-16T00:10:51.967+07:00  INFO 9292 --- [http-nio-8080-exec-1] c.e.b.l.CustomRequestBodyAdviceAdapter   : PATH: /user/signup
2023-09-16T00:10:51.967+07:00  INFO 9292 --- [http-nio-8080-exec-1] c.e.b.l.CustomRequestBodyAdviceAdapter   : USER: anonymousUser
2023-09-16T00:10:51.967+07:00  INFO 9292 --- [http-nio-8080-exec-1] c.e.b.l.CustomRequestBodyAdviceAdapter   : REQUEST BODY: RegisterRequest(userAdmin=Aiit, passwordAdmin=Aiit@2023, userName=livebank3, password=livebank@2023, role=admin)
2023-09-16T00:10:52.047+07:00  INFO 9292 --- [http-nio-8080-exec-1] c.e.b.l.CustomResponseBodyAdviceAdapter  : ______________________________RESPONSE_________________________________________________________________________________________________
2023-09-16T00:10:52.047+07:00  INFO 9292 --- [http-nio-8080-exec-1] c.e.b.l.CustomResponseBodyAdviceAdapter  : UUID: 095d2340-bd99-4f9e-8700-4121971dce5d
2023-09-16T00:10:52.047+07:00  INFO 9292 --- [http-nio-8080-exec-1] c.e.b.l.CustomResponseBodyAdviceAdapter  : PATH: /user/signup
2023-09-16T00:10:52.047+07:00  INFO 9292 --- [http-nio-8080-exec-1] c.e.b.l.CustomResponseBodyAdviceAdapter  : USER: anonymousUser
2023-09-16T00:10:52.047+07:00  INFO 9292 --- [http-nio-8080-exec-1] c.e.b.l.CustomResponseBodyAdviceAdapter  : RESPONSE: Đăng ký tài khoản thành công !
2023-09-16T00:10:54.828+07:00  INFO 9292 --- [http-nio-8080-exec-5] c.e.b.l.CustomRequestBodyAdviceAdapter   : ______________________________REQUEST_________________________________________________________________________________________________
2023-09-16T00:10:54.828+07:00  INFO 9292 --- [http-nio-8080-exec-5] c.e.b.l.CustomRequestBodyAdviceAdapter   : UUID: 957f3c7c-dda4-42e7-99fc-78dbe2a628db
2023-09-16T00:10:54.828+07:00  INFO 9292 --- [http-nio-8080-exec-5] c.e.b.l.CustomRequestBodyAdviceAdapter   : PATH: /user/signup
2023-09-16T00:10:54.828+07:00  INFO 9292 --- [http-nio-8080-exec-5] c.e.b.l.CustomRequestBodyAdviceAdapter   : USER: anonymousUser
2023-09-16T00:10:54.828+07:00  INFO 9292 --- [http-nio-8080-exec-5] c.e.b.l.CustomRequestBodyAdviceAdapter   : REQUEST BODY: RegisterRequest(userAdmin=Aiit, passwordAdmin=Aiit@2023, userName=livebank4, password=livebank@2023, role=admin)
2023-09-16T00:10:54.906+07:00  INFO 9292 --- [http-nio-8080-exec-5] c.e.b.l.CustomResponseBodyAdviceAdapter  : ______________________________RESPONSE_________________________________________________________________________________________________
2023-09-16T00:10:54.906+07:00  INFO 9292 --- [http-nio-8080-exec-5] c.e.b.l.CustomResponseBodyAdviceAdapter  : UUID: 957f3c7c-dda4-42e7-99fc-78dbe2a628db
2023-09-16T00:10:54.906+07:00  INFO 9292 --- [http-nio-8080-exec-5] c.e.b.l.CustomResponseBodyAdviceAdapter  : PATH: /user/signup
2023-09-16T00:10:54.906+07:00  INFO 9292 --- [http-nio-8080-exec-5] c.e.b.l.CustomResponseBodyAdviceAdapter  : USER: anonymousUser
2023-09-16T00:10:54.906+07:00  INFO 9292 --- [http-nio-8080-exec-5] c.e.b.l.CustomResponseBodyAdviceAdapter  : RESPONSE: Đăng ký tài khoản thành công !
2023-09-16T00:10:58.291+07:00  INFO 9292 --- [http-nio-8080-exec-2] c.e.b.l.CustomRequestBodyAdviceAdapter   : ______________________________REQUEST_________________________________________________________________________________________________
2023-09-16T00:10:58.291+07:00  INFO 9292 --- [http-nio-8080-exec-2] c.e.b.l.CustomRequestBodyAdviceAdapter   : UUID: 1d5f805c-d0a7-4e7f-8746-943bde6b421f
2023-09-16T00:10:58.291+07:00  INFO 9292 --- [http-nio-8080-exec-2] c.e.b.l.CustomRequestBodyAdviceAdapter   : PATH: /user/signup
2023-09-16T00:10:58.291+07:00  INFO 9292 --- [http-nio-8080-exec-2] c.e.b.l.CustomRequestBodyAdviceAdapter   : USER: anonymousUser
2023-09-16T00:10:58.291+07:00  INFO 9292 --- [http-nio-8080-exec-2] c.e.b.l.CustomRequestBodyAdviceAdapter   : REQUEST BODY: RegisterRequest(userAdmin=Aiit, passwordAdmin=Aiit@2023, userName=livebank5, password=livebank@2023, role=admin)
2023-09-16T00:10:58.370+07:00  INFO 9292 --- [http-nio-8080-exec-2] c.e.b.l.CustomResponseBodyAdviceAdapter  : ______________________________RESPONSE_________________________________________________________________________________________________
2023-09-16T00:10:58.371+07:00  INFO 9292 --- [http-nio-8080-exec-2] c.e.b.l.CustomResponseBodyAdviceAdapter  : UUID: 1d5f805c-d0a7-4e7f-8746-943bde6b421f
2023-09-16T00:10:58.371+07:00  INFO 9292 --- [http-nio-8080-exec-2] c.e.b.l.CustomResponseBodyAdviceAdapter  : PATH: /user/signup
2023-09-16T00:10:58.371+07:00  INFO 9292 --- [http-nio-8080-exec-2] c.e.b.l.CustomResponseBodyAdviceAdapter  : USER: anonymousUser
2023-09-16T00:10:58.371+07:00  INFO 9292 --- [http-nio-8080-exec-2] c.e.b.l.CustomResponseBodyAdviceAdapter  : RESPONSE: Đăng ký tài khoản thành công !
2023-09-16T00:11:01.303+07:00  INFO 9292 --- [http-nio-8080-exec-6] c.e.b.l.CustomRequestBodyAdviceAdapter   : ______________________________REQUEST_________________________________________________________________________________________________
2023-09-16T00:11:01.303+07:00  INFO 9292 --- [http-nio-8080-exec-6] c.e.b.l.CustomRequestBodyAdviceAdapter   : UUID: 96f4c99a-adf4-4bd1-bda7-2bd4ea41987a
2023-09-16T00:11:01.303+07:00  INFO 9292 --- [http-nio-8080-exec-6] c.e.b.l.CustomRequestBodyAdviceAdapter   : PATH: /user/signup
2023-09-16T00:11:01.303+07:00  INFO 9292 --- [http-nio-8080-exec-6] c.e.b.l.CustomRequestBodyAdviceAdapter   : USER: anonymousUser
2023-09-16T00:11:01.303+07:00  INFO 9292 --- [http-nio-8080-exec-6] c.e.b.l.CustomRequestBodyAdviceAdapter   : REQUEST BODY: RegisterRequest(userAdmin=Aiit, passwordAdmin=Aiit@2023, userName=livebank6, password=livebank@2023, role=admin)
2023-09-16T00:11:01.388+07:00  INFO 9292 --- [http-nio-8080-exec-6] c.e.b.l.CustomResponseBodyAdviceAdapter  : ______________________________RESPONSE_________________________________________________________________________________________________
2023-09-16T00:11:01.388+07:00  INFO 9292 --- [http-nio-8080-exec-6] c.e.b.l.CustomResponseBodyAdviceAdapter  : UUID: 96f4c99a-adf4-4bd1-bda7-2bd4ea41987a
2023-09-16T00:11:01.388+07:00  INFO 9292 --- [http-nio-8080-exec-6] c.e.b.l.CustomResponseBodyAdviceAdapter  : PATH: /user/signup
2023-09-16T00:11:01.388+07:00  INFO 9292 --- [http-nio-8080-exec-6] c.e.b.l.CustomResponseBodyAdviceAdapter  : USER: anonymousUser
2023-09-16T00:11:01.388+07:00  INFO 9292 --- [http-nio-8080-exec-6] c.e.b.l.CustomResponseBodyAdviceAdapter  : RESPONSE: Đăng ký tài khoản thành công !
2023-09-16T00:11:05.334+07:00  INFO 9292 --- [http-nio-8080-exec-3] c.e.b.l.CustomRequestBodyAdviceAdapter   : ______________________________REQUEST_________________________________________________________________________________________________
2023-09-16T00:11:05.334+07:00  INFO 9292 --- [http-nio-8080-exec-3] c.e.b.l.CustomRequestBodyAdviceAdapter   : UUID: 3c31de5f-e9ba-48c7-b960-7e6ad30987a1
2023-09-16T00:11:05.334+07:00  INFO 9292 --- [http-nio-8080-exec-3] c.e.b.l.CustomRequestBodyAdviceAdapter   : PATH: /user/signup
2023-09-16T00:11:05.334+07:00  INFO 9292 --- [http-nio-8080-exec-3] c.e.b.l.CustomRequestBodyAdviceAdapter   : USER: anonymousUser
2023-09-16T00:11:05.334+07:00  INFO 9292 --- [http-nio-8080-exec-3] c.e.b.l.CustomRequestBodyAdviceAdapter   : REQUEST BODY: RegisterRequest(userAdmin=Aiit, passwordAdmin=Aiit@2023, userName=livebank7, password=livebank@2023, role=admin)
2023-09-16T00:11:05.414+07:00  INFO 9292 --- [http-nio-8080-exec-3] c.e.b.l.CustomResponseBodyAdviceAdapter  : ______________________________RESPONSE_________________________________________________________________________________________________
2023-09-16T00:11:05.415+07:00  INFO 9292 --- [http-nio-8080-exec-3] c.e.b.l.CustomResponseBodyAdviceAdapter  : UUID: 3c31de5f-e9ba-48c7-b960-7e6ad30987a1
2023-09-16T00:11:05.415+07:00  INFO 9292 --- [http-nio-8080-exec-3] c.e.b.l.CustomResponseBodyAdviceAdapter  : PATH: /user/signup
2023-09-16T00:11:05.415+07:00  INFO 9292 --- [http-nio-8080-exec-3] c.e.b.l.CustomResponseBodyAdviceAdapter  : USER: anonymousUser
2023-09-16T00:11:05.415+07:00  INFO 9292 --- [http-nio-8080-exec-3] c.e.b.l.CustomResponseBodyAdviceAdapter  : RESPONSE: Đăng ký tài khoản thành công !
2023-09-16T00:11:08.258+07:00  INFO 9292 --- [http-nio-8080-exec-8] c.e.b.l.CustomRequestBodyAdviceAdapter   : ______________________________REQUEST_________________________________________________________________________________________________
2023-09-16T00:11:08.258+07:00  INFO 9292 --- [http-nio-8080-exec-8] c.e.b.l.CustomRequestBodyAdviceAdapter   : UUID: 969e6880-ae3a-404a-9421-bdab3a2545a6
2023-09-16T00:11:08.258+07:00  INFO 9292 --- [http-nio-8080-exec-8] c.e.b.l.CustomRequestBodyAdviceAdapter   : PATH: /user/signup
2023-09-16T00:11:08.258+07:00  INFO 9292 --- [http-nio-8080-exec-8] c.e.b.l.CustomRequestBodyAdviceAdapter   : USER: anonymousUser
2023-09-16T00:11:08.258+07:00  INFO 9292 --- [http-nio-8080-exec-8] c.e.b.l.CustomRequestBodyAdviceAdapter   : REQUEST BODY: RegisterRequest(userAdmin=Aiit, passwordAdmin=Aiit@2023, userName=livebank8, password=livebank@2023, role=admin)
2023-09-16T00:11:08.335+07:00  INFO 9292 --- [http-nio-8080-exec-8] c.e.b.l.CustomResponseBodyAdviceAdapter  : ______________________________RESPONSE_________________________________________________________________________________________________
2023-09-16T00:11:08.335+07:00  INFO 9292 --- [http-nio-8080-exec-8] c.e.b.l.CustomResponseBodyAdviceAdapter  : UUID: 969e6880-ae3a-404a-9421-bdab3a2545a6
2023-09-16T00:11:08.335+07:00  INFO 9292 --- [http-nio-8080-exec-8] c.e.b.l.CustomResponseBodyAdviceAdapter  : PATH: /user/signup
2023-09-16T00:11:08.335+07:00  INFO 9292 --- [http-nio-8080-exec-8] c.e.b.l.CustomResponseBodyAdviceAdapter  : USER: anonymousUser
2023-09-16T00:11:08.335+07:00  INFO 9292 --- [http-nio-8080-exec-8] c.e.b.l.CustomResponseBodyAdviceAdapter  : RESPONSE: Đăng ký tài khoản thành công !
2023-09-16T00:11:11.876+07:00  INFO 9292 --- [http-nio-8080-exec-9] c.e.b.l.CustomRequestBodyAdviceAdapter   : ______________________________REQUEST_________________________________________________________________________________________________
2023-09-16T00:11:11.876+07:00  INFO 9292 --- [http-nio-8080-exec-9] c.e.b.l.CustomRequestBodyAdviceAdapter   : UUID: a5da9e35-1d93-4f3c-a8a0-5ed001d9d9dc
2023-09-16T00:11:11.876+07:00  INFO 9292 --- [http-nio-8080-exec-9] c.e.b.l.CustomRequestBodyAdviceAdapter   : PATH: /user/signup
2023-09-16T00:11:11.876+07:00  INFO 9292 --- [http-nio-8080-exec-9] c.e.b.l.CustomRequestBodyAdviceAdapter   : USER: anonymousUser
2023-09-16T00:11:11.876+07:00  INFO 9292 --- [http-nio-8080-exec-9] c.e.b.l.CustomRequestBodyAdviceAdapter   : REQUEST BODY: RegisterRequest(userAdmin=Aiit, passwordAdmin=Aiit@2023, userName=livebank9, password=livebank@2023, role=admin)
2023-09-16T00:11:11.984+07:00  INFO 9292 --- [http-nio-8080-exec-9] c.e.b.l.CustomResponseBodyAdviceAdapter  : ______________________________RESPONSE_________________________________________________________________________________________________
2023-09-16T00:11:11.985+07:00  INFO 9292 --- [http-nio-8080-exec-9] c.e.b.l.CustomResponseBodyAdviceAdapter  : UUID: a5da9e35-1d93-4f3c-a8a0-5ed001d9d9dc
2023-09-16T00:11:11.985+07:00  INFO 9292 --- [http-nio-8080-exec-9] c.e.b.l.CustomResponseBodyAdviceAdapter  : PATH: /user/signup
2023-09-16T00:11:11.985+07:00  INFO 9292 --- [http-nio-8080-exec-9] c.e.b.l.CustomResponseBodyAdviceAdapter  : USER: anonymousUser
2023-09-16T00:11:11.985+07:00  INFO 9292 --- [http-nio-8080-exec-9] c.e.b.l.CustomResponseBodyAdviceAdapter  : RESPONSE: Đăng ký tài khoản thành công !
2023-09-16T00:11:17.291+07:00  INFO 9292 --- [http-nio-8080-exec-10] c.e.b.l.CustomRequestBodyAdviceAdapter   : ______________________________REQUEST_________________________________________________________________________________________________
2023-09-16T00:11:17.292+07:00  INFO 9292 --- [http-nio-8080-exec-10] c.e.b.l.CustomRequestBodyAdviceAdapter   : UUID: 552d791b-cffa-40fa-93f0-f41f41b3b828
2023-09-16T00:11:17.292+07:00  INFO 9292 --- [http-nio-8080-exec-10] c.e.b.l.CustomRequestBodyAdviceAdapter   : PATH: /user/signup
2023-09-16T00:11:17.292+07:00  INFO 9292 --- [http-nio-8080-exec-10] c.e.b.l.CustomRequestBodyAdviceAdapter   : USER: anonymousUser
2023-09-16T00:11:17.292+07:00  INFO 9292 --- [http-nio-8080-exec-10] c.e.b.l.CustomRequestBodyAdviceAdapter   : REQUEST BODY: RegisterRequest(userAdmin=Aiit, passwordAdmin=Aiit@2023, userName=livebank10, password=livebank@2023, role=admin)
2023-09-16T00:11:17.370+07:00  INFO 9292 --- [http-nio-8080-exec-10] c.e.b.l.CustomResponseBodyAdviceAdapter  : ______________________________RESPONSE_________________________________________________________________________________________________
2023-09-16T00:11:17.370+07:00  INFO 9292 --- [http-nio-8080-exec-10] c.e.b.l.CustomResponseBodyAdviceAdapter  : UUID: 552d791b-cffa-40fa-93f0-f41f41b3b828
2023-09-16T00:11:17.370+07:00  INFO 9292 --- [http-nio-8080-exec-10] c.e.b.l.CustomResponseBodyAdviceAdapter  : PATH: /user/signup
2023-09-16T00:11:17.370+07:00  INFO 9292 --- [http-nio-8080-exec-10] c.e.b.l.CustomResponseBodyAdviceAdapter  : USER: anonymousUser
2023-09-16T00:11:17.370+07:00  INFO 9292 --- [http-nio-8080-exec-10] c.e.b.l.CustomResponseBodyAdviceAdapter  : RESPONSE: Đăng ký tài khoản thành công !
2023-09-16T00:11:19.705+07:00  INFO 9292 --- [http-nio-8080-exec-4] c.e.b.l.CustomResponseBodyAdviceAdapter  : ______________________________RESPONSE_________________________________________________________________________________________________
2023-09-16T00:11:19.706+07:00  INFO 9292 --- [http-nio-8080-exec-4] c.e.b.l.CustomResponseBodyAdviceAdapter  : UUID: e33897e0-e77e-430f-b94b-dbe1e0ee8652
2023-09-16T00:11:19.706+07:00  INFO 9292 --- [http-nio-8080-exec-4] c.e.b.l.CustomResponseBodyAdviceAdapter  : PATH: /user/signup
2023-09-16T00:11:19.706+07:00  INFO 9292 --- [http-nio-8080-exec-4] c.e.b.l.CustomResponseBodyAdviceAdapter  : USER: anonymousUser
2023-09-16T00:11:19.706+07:00  INFO 9292 --- [http-nio-8080-exec-4] c.e.b.l.CustomResponseBodyAdviceAdapter  : RESPONSE: [User(id=3, userName=Aiit, password=$2a$10$Zd8IDxWMXdALLpepyzLfbuUdgO.VxS9iwr/UbyZs/zxzk3vvBaGXe, role=admin), User(id=4, userName=livebank, password=$2a$10$vc5rw8q9V1EUWcNilPT9le4ChxqFWoCVpmLYcCRZwElmf2BNJIBZ., role=admin), User(id=6, userName=livebank1, password=$2a$10$xT1Gkf0ZzRBANtpwKMOCQ.Cm0LycYXCZBb0La3mtm8DQDupEWbu/a, role=admin), User(id=7, userName=livebank2, password=$2a$10$pD8yiHF01zT4XDDbOKV.Pu6XrOhK/T0Lr25SLk2JLGZzNITizrgaa, role=admin), User(id=8, userName=livebank3, password=$2a$10$A4lfb3TZ9hCwyEm85QNiu.Jkwt/Gi4loyRJW7dSvkTKBk6EMdEawq, role=admin), User(id=9, userName=livebank4, password=$2a$10$sAKviY5XHfmpwhqelQgfxuGpNvrKhKYuQXe1mLw1BhZwdobEdzh/O, role=admin), User(id=10, userName=livebank5, password=$2a$10$LiT3aeAnvwZyFiWuv1ri5Os6mMIs.njIUkaSH3q1q9OqNoyHdKSBW, role=admin), User(id=11, userName=livebank6, password=$2a$10$xKn/SgXaoAT5fXHz6LqXYePN8Ux.RvLms8xONdP1tf2DrbgJmTt36, role=admin), User(id=12, userName=livebank7, password=$2a$10$20qr3HdCSc5DKzvxdrbn8OTCRohbd3XLmGoPHtazYOHDJO0k1AoWW, role=admin), User(id=13, userName=livebank8, password=$2a$10$59dL8UeoxfgllhQxnSM8D.6z3EVzW7andXP5KvvmfsJ1ctwOBnI8C, role=admin), User(id=14, userName=livebank9, password=$2a$10$0xjXd/Vw7BM7AMCpj4b61.fSbr0yriuQiUdooVtNpYUNxxepoadE6, role=admin), User(id=15, userName=livebank10, password=$2a$10$RC83dJ1qUe5fJpraMLxCY.t2BURzAokzNn3hJMtbGy6aLEtw/UqhC, role=admin)]
2023-09-16T00:11:23.938+07:00  INFO 9292 --- [http-nio-8080-exec-1] c.e.b.l.CustomRequestBodyAdviceAdapter   : ______________________________REQUEST_________________________________________________________________________________________________
2023-09-16T00:11:23.938+07:00  INFO 9292 --- [http-nio-8080-exec-1] c.e.b.l.CustomRequestBodyAdviceAdapter   : UUID: 7610a9d0-6cd0-499a-9b62-6f96c0e9558b
2023-09-16T00:11:23.938+07:00  INFO 9292 --- [http-nio-8080-exec-1] c.e.b.l.CustomRequestBodyAdviceAdapter   : PATH: /user/remove
2023-09-16T00:11:23.938+07:00  INFO 9292 --- [http-nio-8080-exec-1] c.e.b.l.CustomRequestBodyAdviceAdapter   : USER: anonymousUser
2023-09-16T00:11:23.938+07:00  INFO 9292 --- [http-nio-8080-exec-1] c.e.b.l.CustomRequestBodyAdviceAdapter   : REQUEST BODY: RegisterRequest(userAdmin=Aiit, passwordAdmin=Aiit@2023, userName=livebank10, password=null, role=null)
2023-09-16T00:11:23.942+07:00  INFO 9292 --- [http-nio-8080-exec-1] c.e.b.l.CustomResponseBodyAdviceAdapter  : ______________________________RESPONSE_________________________________________________________________________________________________
2023-09-16T00:11:23.942+07:00  INFO 9292 --- [http-nio-8080-exec-1] c.e.b.l.CustomResponseBodyAdviceAdapter  : UUID: 7610a9d0-6cd0-499a-9b62-6f96c0e9558b
2023-09-16T00:11:23.942+07:00  INFO 9292 --- [http-nio-8080-exec-1] c.e.b.l.CustomResponseBodyAdviceAdapter  : PATH: /user/remove
2023-09-16T00:11:23.942+07:00  INFO 9292 --- [http-nio-8080-exec-1] c.e.b.l.CustomResponseBodyAdviceAdapter  : USER: anonymousUser
2023-09-16T00:11:23.942+07:00  INFO 9292 --- [http-nio-8080-exec-1] c.e.b.l.CustomResponseBodyAdviceAdapter  : RESPONSE: Xóa tài khoản thành công: livebank10
2023-09-16T00:11:25.342+07:00  INFO 9292 --- [http-nio-8080-exec-5] c.e.b.l.CustomResponseBodyAdviceAdapter  : ______________________________RESPONSE_________________________________________________________________________________________________
2023-09-16T00:11:25.342+07:00  INFO 9292 --- [http-nio-8080-exec-5] c.e.b.l.CustomResponseBodyAdviceAdapter  : UUID: 957f3c7c-dda4-42e7-99fc-78dbe2a628db
2023-09-16T00:11:25.342+07:00  INFO 9292 --- [http-nio-8080-exec-5] c.e.b.l.CustomResponseBodyAdviceAdapter  : PATH: /user/signup
2023-09-16T00:11:25.342+07:00  INFO 9292 --- [http-nio-8080-exec-5] c.e.b.l.CustomResponseBodyAdviceAdapter  : USER: anonymousUser
2023-09-16T00:11:25.342+07:00  INFO 9292 --- [http-nio-8080-exec-5] c.e.b.l.CustomResponseBodyAdviceAdapter  : RESPONSE: [User(id=3, userName=Aiit, password=$2a$10$Zd8IDxWMXdALLpepyzLfbuUdgO.VxS9iwr/UbyZs/zxzk3vvBaGXe, role=admin), User(id=4, userName=livebank, password=$2a$10$vc5rw8q9V1EUWcNilPT9le4ChxqFWoCVpmLYcCRZwElmf2BNJIBZ., role=admin), User(id=6, userName=livebank1, password=$2a$10$xT1Gkf0ZzRBANtpwKMOCQ.Cm0LycYXCZBb0La3mtm8DQDupEWbu/a, role=admin), User(id=7, userName=livebank2, password=$2a$10$pD8yiHF01zT4XDDbOKV.Pu6XrOhK/T0Lr25SLk2JLGZzNITizrgaa, role=admin), User(id=8, userName=livebank3, password=$2a$10$A4lfb3TZ9hCwyEm85QNiu.Jkwt/Gi4loyRJW7dSvkTKBk6EMdEawq, role=admin), User(id=9, userName=livebank4, password=$2a$10$sAKviY5XHfmpwhqelQgfxuGpNvrKhKYuQXe1mLw1BhZwdobEdzh/O, role=admin), User(id=10, userName=livebank5, password=$2a$10$LiT3aeAnvwZyFiWuv1ri5Os6mMIs.njIUkaSH3q1q9OqNoyHdKSBW, role=admin), User(id=11, userName=livebank6, password=$2a$10$xKn/SgXaoAT5fXHz6LqXYePN8Ux.RvLms8xONdP1tf2DrbgJmTt36, role=admin), User(id=12, userName=livebank7, password=$2a$10$20qr3HdCSc5DKzvxdrbn8OTCRohbd3XLmGoPHtazYOHDJO0k1AoWW, role=admin), User(id=13, userName=livebank8, password=$2a$10$59dL8UeoxfgllhQxnSM8D.6z3EVzW7andXP5KvvmfsJ1ctwOBnI8C, role=admin), User(id=14, userName=livebank9, password=$2a$10$0xjXd/Vw7BM7AMCpj4b61.fSbr0yriuQiUdooVtNpYUNxxepoadE6, role=admin)]
2023-09-16T00:11:53.505+07:00  INFO 9292 --- [http-nio-8080-exec-2] c.e.b.l.CustomRequestBodyAdviceAdapter   : ______________________________REQUEST_________________________________________________________________________________________________
2023-09-16T00:11:53.505+07:00  INFO 9292 --- [http-nio-8080-exec-2] c.e.b.l.CustomRequestBodyAdviceAdapter   : UUID: 1830c1de-b701-404f-9706-2b032331c483
2023-09-16T00:11:53.505+07:00  INFO 9292 --- [http-nio-8080-exec-2] c.e.b.l.CustomRequestBodyAdviceAdapter   : PATH: /user/remove
2023-09-16T00:11:53.505+07:00  INFO 9292 --- [http-nio-8080-exec-2] c.e.b.l.CustomRequestBodyAdviceAdapter   : USER: anonymousUser
2023-09-16T00:11:53.505+07:00  INFO 9292 --- [http-nio-8080-exec-2] c.e.b.l.CustomRequestBodyAdviceAdapter   : REQUEST BODY: RegisterRequest(userAdmin=Aiit, passwordAdmin=Aiit@2023, userName=livebank9, password=null, role=null)
2023-09-16T00:11:53.514+07:00  INFO 9292 --- [http-nio-8080-exec-2] c.e.b.l.CustomResponseBodyAdviceAdapter  : ______________________________RESPONSE_________________________________________________________________________________________________
2023-09-16T00:11:53.514+07:00  INFO 9292 --- [http-nio-8080-exec-2] c.e.b.l.CustomResponseBodyAdviceAdapter  : UUID: 1830c1de-b701-404f-9706-2b032331c483
2023-09-16T00:11:53.514+07:00  INFO 9292 --- [http-nio-8080-exec-2] c.e.b.l.CustomResponseBodyAdviceAdapter  : PATH: /user/remove
2023-09-16T00:11:53.514+07:00  INFO 9292 --- [http-nio-8080-exec-2] c.e.b.l.CustomResponseBodyAdviceAdapter  : USER: anonymousUser
2023-09-16T00:11:53.514+07:00  INFO 9292 --- [http-nio-8080-exec-2] c.e.b.l.CustomResponseBodyAdviceAdapter  : RESPONSE: Xóa tài khoản thành công: livebank9
2023-09-16T00:12:29.278+07:00  INFO 9292 --- [http-nio-8080-exec-3] c.e.b.l.CustomResponseBodyAdviceAdapter  : ______________________________RESPONSE_________________________________________________________________________________________________
2023-09-16T00:12:29.278+07:00  INFO 9292 --- [http-nio-8080-exec-3] c.e.b.l.CustomResponseBodyAdviceAdapter  : UUID: 3c31de5f-e9ba-48c7-b960-7e6ad30987a1
2023-09-16T00:12:29.278+07:00  INFO 9292 --- [http-nio-8080-exec-3] c.e.b.l.CustomResponseBodyAdviceAdapter  : PATH: /user/signup
2023-09-16T00:12:29.278+07:00  INFO 9292 --- [http-nio-8080-exec-3] c.e.b.l.CustomResponseBodyAdviceAdapter  : USER: anonymousUser
2023-09-16T00:12:29.279+07:00  INFO 9292 --- [http-nio-8080-exec-3] c.e.b.l.CustomResponseBodyAdviceAdapter  : RESPONSE: [User(id=3, userName=Aiit, password=$2a$10$Zd8IDxWMXdALLpepyzLfbuUdgO.VxS9iwr/UbyZs/zxzk3vvBaGXe, role=admin), User(id=4, userName=livebank, password=$2a$10$vc5rw8q9V1EUWcNilPT9le4ChxqFWoCVpmLYcCRZwElmf2BNJIBZ., role=admin), User(id=6, userName=livebank1, password=$2a$10$xT1Gkf0ZzRBANtpwKMOCQ.Cm0LycYXCZBb0La3mtm8DQDupEWbu/a, role=admin), User(id=7, userName=livebank2, password=$2a$10$pD8yiHF01zT4XDDbOKV.Pu6XrOhK/T0Lr25SLk2JLGZzNITizrgaa, role=admin), User(id=8, userName=livebank3, password=$2a$10$A4lfb3TZ9hCwyEm85QNiu.Jkwt/Gi4loyRJW7dSvkTKBk6EMdEawq, role=admin), User(id=9, userName=livebank4, password=$2a$10$sAKviY5XHfmpwhqelQgfxuGpNvrKhKYuQXe1mLw1BhZwdobEdzh/O, role=admin), User(id=10, userName=livebank5, password=$2a$10$LiT3aeAnvwZyFiWuv1ri5Os6mMIs.njIUkaSH3q1q9OqNoyHdKSBW, role=admin), User(id=11, userName=livebank6, password=$2a$10$xKn/SgXaoAT5fXHz6LqXYePN8Ux.RvLms8xONdP1tf2DrbgJmTt36, role=admin), User(id=12, userName=livebank7, password=$2a$10$20qr3HdCSc5DKzvxdrbn8OTCRohbd3XLmGoPHtazYOHDJO0k1AoWW, role=admin), User(id=13, userName=livebank8, password=$2a$10$59dL8UeoxfgllhQxnSM8D.6z3EVzW7andXP5KvvmfsJ1ctwOBnI8C, role=admin)]
2023-09-16T00:12:32.049+07:00  INFO 9292 --- [http-nio-8080-exec-7] c.e.b.l.CustomRequestBodyAdviceAdapter   : ______________________________REQUEST_________________________________________________________________________________________________
2023-09-16T00:12:32.049+07:00  INFO 9292 --- [http-nio-8080-exec-7] c.e.b.l.CustomRequestBodyAdviceAdapter   : UUID: 9bd2bafa-a6a8-4cbe-81c1-1ea04058a49c
2023-09-16T00:12:32.049+07:00  INFO 9292 --- [http-nio-8080-exec-7] c.e.b.l.CustomRequestBodyAdviceAdapter   : PATH: /user/remove
2023-09-16T00:12:32.049+07:00  INFO 9292 --- [http-nio-8080-exec-7] c.e.b.l.CustomRequestBodyAdviceAdapter   : USER: anonymousUser
2023-09-16T00:12:32.049+07:00  INFO 9292 --- [http-nio-8080-exec-7] c.e.b.l.CustomRequestBodyAdviceAdapter   : REQUEST BODY: RegisterRequest(userAdmin=Aiit, passwordAdmin=Aiit@2023, userName=livebank8, password=null, role=null)
2023-09-16T00:12:32.057+07:00  INFO 9292 --- [http-nio-8080-exec-7] c.e.b.l.CustomResponseBodyAdviceAdapter  : ______________________________RESPONSE_________________________________________________________________________________________________
2023-09-16T00:12:32.057+07:00  INFO 9292 --- [http-nio-8080-exec-7] c.e.b.l.CustomResponseBodyAdviceAdapter  : UUID: 9bd2bafa-a6a8-4cbe-81c1-1ea04058a49c
2023-09-16T00:12:32.057+07:00  INFO 9292 --- [http-nio-8080-exec-7] c.e.b.l.CustomResponseBodyAdviceAdapter  : PATH: /user/remove
2023-09-16T00:12:32.057+07:00  INFO 9292 --- [http-nio-8080-exec-7] c.e.b.l.CustomResponseBodyAdviceAdapter  : USER: anonymousUser
2023-09-16T00:12:32.058+07:00  INFO 9292 --- [http-nio-8080-exec-7] c.e.b.l.CustomResponseBodyAdviceAdapter  : RESPONSE: Xóa tài khoản thành công: livebank8
2023-09-16T00:13:16.530+07:00  INFO 9292 --- [SpringApplicationShutdownHook] j.LocalContainerEntityManagerFactoryBean : Closing JPA EntityManagerFactory for persistence unit 'default'
2023-09-16T00:13:16.532+07:00  INFO 9292 --- [SpringApplicationShutdownHook] com.zaxxer.hikari.HikariDataSource       : HikariPool-1 - Shutdown initiated...
2023-09-16T00:13:16.536+07:00  INFO 9292 --- [SpringApplicationShutdownHook] com.zaxxer.hikari.HikariDataSource       : HikariPool-1 - Shutdown completed.
2023-09-16T15:15:55.551+07:00  INFO 11028 --- [restartedMain] c.e.b.BaseSpringBootApplication          : Starting BaseSpringBootApplication using Java 17.0.6 with PID 11028 (E:\Code\BaseSpringBoot\BaseSpringBoot\target\classes started by pc in E:\Code\BaseSpringBoot\BaseSpringBoot)
2023-09-16T15:15:55.553+07:00  INFO 11028 --- [restartedMain] c.e.b.BaseSpringBootApplication          : No active profile set, falling back to 1 default profile: "default"
2023-09-16T15:15:55.590+07:00  INFO 11028 --- [restartedMain] .e.DevToolsPropertyDefaultsPostProcessor : Devtools property defaults active! Set 'spring.devtools.add-properties' to 'false' to disable
2023-09-16T15:15:55.590+07:00  INFO 11028 --- [restartedMain] .e.DevToolsPropertyDefaultsPostProcessor : For additional web related logging consider setting the 'logging.level.web' property to 'DEBUG'
2023-09-16T15:15:56.238+07:00  INFO 11028 --- [restartedMain] .s.d.r.c.RepositoryConfigurationDelegate : Bootstrapping Spring Data JPA repositories in DEFAULT mode.
2023-09-16T15:15:56.292+07:00  INFO 11028 --- [restartedMain] .s.d.r.c.RepositoryConfigurationDelegate : Finished Spring Data repository scanning in 43 ms. Found 1 JPA repository interfaces.
2023-09-16T15:15:56.846+07:00  INFO 11028 --- [restartedMain] o.s.b.w.embedded.tomcat.TomcatWebServer  : Tomcat initialized with port(s): 8080 (http)
2023-09-16T15:15:56.856+07:00  INFO 11028 --- [restartedMain] o.apache.catalina.core.StandardService   : Starting service [Tomcat]
2023-09-16T15:15:56.857+07:00  INFO 11028 --- [restartedMain] o.apache.catalina.core.StandardEngine    : Starting Servlet engine: [Apache Tomcat/10.1.12]
2023-09-16T15:15:56.910+07:00  INFO 11028 --- [restartedMain] o.a.c.c.C.[Tomcat].[localhost].[/]       : Initializing Spring embedded WebApplicationContext
2023-09-16T15:15:56.911+07:00  INFO 11028 --- [restartedMain] w.s.c.ServletWebServerApplicationContext : Root WebApplicationContext: initialization completed in 1320 ms
2023-09-16T15:15:57.041+07:00  INFO 11028 --- [restartedMain] o.hibernate.jpa.internal.util.LogHelper  : HHH000204: Processing PersistenceUnitInfo [name: default]
2023-09-16T15:15:57.134+07:00  INFO 11028 --- [restartedMain] org.hibernate.Version                    : HHH000412: Hibernate ORM core version 6.2.7.Final
2023-09-16T15:15:57.139+07:00  INFO 11028 --- [restartedMain] org.hibernate.cfg.Environment            : HHH000406: Using bytecode reflection optimizer
2023-09-16T15:15:57.281+07:00  INFO 11028 --- [restartedMain] o.h.b.i.BytecodeProviderInitiator        : HHH000021: Bytecode provider name : bytebuddy
2023-09-16T15:15:57.416+07:00  INFO 11028 --- [restartedMain] o.s.o.j.p.SpringPersistenceUnitInfo      : No LoadTimeWeaver setup: ignoring JPA class transformer
2023-09-16T15:15:57.432+07:00  INFO 11028 --- [restartedMain] com.zaxxer.hikari.HikariDataSource       : HikariPool-1 - Starting...
2023-09-16T15:15:57.732+07:00  INFO 11028 --- [restartedMain] com.zaxxer.hikari.pool.HikariPool        : HikariPool-1 - Added connection com.mysql.cj.jdbc.ConnectionImpl@7ca5e4b8
2023-09-16T15:15:57.734+07:00  INFO 11028 --- [restartedMain] com.zaxxer.hikari.HikariDataSource       : HikariPool-1 - Start completed.
2023-09-16T15:15:57.955+07:00  INFO 11028 --- [restartedMain] o.h.b.i.BytecodeProviderInitiator        : HHH000021: Bytecode provider name : bytebuddy
2023-09-16T15:15:58.459+07:00  INFO 11028 --- [restartedMain] o.h.e.t.j.p.i.JtaPlatformInitiator       : HHH000490: Using JtaPlatform implementation: [org.hibernate.engine.transaction.jta.platform.internal.NoJtaPlatform]
2023-09-16T15:15:58.512+07:00  INFO 11028 --- [restartedMain] j.LocalContainerEntityManagerFactoryBean : Initialized JPA EntityManagerFactory for persistence unit 'default'
2023-09-16T15:15:58.871+07:00  WARN 11028 --- [restartedMain] JpaBaseConfiguration$JpaWebConfiguration : spring.jpa.open-in-view is enabled by default. Therefore, database queries may be performed during view rendering. Explicitly configure spring.jpa.open-in-view to disable this warning
2023-09-16T15:15:59.116+07:00  INFO 11028 --- [restartedMain] o.s.s.web.DefaultSecurityFilterChain     : Will secure any request with [org.springframework.security.web.session.DisableEncodeUrlFilter@29a8a0f1, org.springframework.security.web.context.request.async.WebAsyncManagerIntegrationFilter@728a911a, org.springframework.security.web.context.SecurityContextHolderFilter@39836fa0, org.springframework.security.web.header.HeaderWriterFilter@7a9cb7e9, org.springframework.security.web.authentication.logout.LogoutFilter@700e5fb0, com.example.basespringboot.config.JwtAuthenticationFilter@222ab6d2, org.springframework.security.web.savedrequest.RequestCacheAwareFilter@1eb26e51, org.springframework.security.web.servletapi.SecurityContextHolderAwareRequestFilter@39183945, org.springframework.security.web.authentication.AnonymousAuthenticationFilter@573426ea, org.springframework.security.web.session.SessionManagementFilter@1a641ac5, org.springframework.security.web.access.ExceptionTranslationFilter@7c5a9e8c, org.springframework.security.web.access.intercept.AuthorizationFilter@75d5d593]
2023-09-16T15:15:59.284+07:00  INFO 11028 --- [restartedMain] o.s.b.d.a.OptionalLiveReloadServer       : LiveReload server is running on port 35729
2023-09-16T15:15:59.314+07:00  INFO 11028 --- [restartedMain] o.s.b.w.embedded.tomcat.TomcatWebServer  : Tomcat started on port(s): 8080 (http) with context path ''
2023-09-16T15:15:59.322+07:00  INFO 11028 --- [restartedMain] c.e.b.BaseSpringBootApplication          : Started BaseSpringBootApplication in 4.168 seconds (process running for 5.485)
2023-09-16T15:16:15.450+07:00  INFO 11028 --- [http-nio-8080-exec-2] o.a.c.c.C.[Tomcat].[localhost].[/]       : Initializing Spring DispatcherServlet 'dispatcherServlet'
2023-09-16T15:16:15.450+07:00  INFO 11028 --- [http-nio-8080-exec-2] o.s.web.servlet.DispatcherServlet        : Initializing Servlet 'dispatcherServlet'
2023-09-16T15:16:15.451+07:00  INFO 11028 --- [http-nio-8080-exec-2] o.s.web.servlet.DispatcherServlet        : Completed initialization in 0 ms
2023-09-16T15:16:15.546+07:00  INFO 11028 --- [http-nio-8080-exec-1] c.e.b.l.CustomRequestBodyAdviceAdapter   : ______________________________REQUEST_________________________________________________________________________________________________
2023-09-16T15:16:15.547+07:00  INFO 11028 --- [http-nio-8080-exec-1] c.e.b.l.CustomRequestBodyAdviceAdapter   : UUID: d598f331-1824-4a82-9757-998f0606f37f
2023-09-16T15:16:15.547+07:00  INFO 11028 --- [http-nio-8080-exec-1] c.e.b.l.CustomRequestBodyAdviceAdapter   : PATH: /user/login
2023-09-16T15:16:15.547+07:00  INFO 11028 --- [http-nio-8080-exec-1] c.e.b.l.CustomRequestBodyAdviceAdapter   : USER: anonymousUser
2023-09-16T15:16:15.548+07:00  INFO 11028 --- [http-nio-8080-exec-1] c.e.b.l.CustomRequestBodyAdviceAdapter   : REQUEST BODY: LoginRequest(user=Aiit, password=Aiit@2023)
2023-09-16T15:16:15.654+07:00  INFO 11028 --- [http-nio-8080-exec-1] c.e.b.l.CustomResponseBodyAdviceAdapter  : ______________________________RESPONSE_________________________________________________________________________________________________
2023-09-16T15:16:15.654+07:00  INFO 11028 --- [http-nio-8080-exec-1] c.e.b.l.CustomResponseBodyAdviceAdapter  : UUID: d598f331-1824-4a82-9757-998f0606f37f
2023-09-16T15:16:15.655+07:00  INFO 11028 --- [http-nio-8080-exec-1] c.e.b.l.CustomResponseBodyAdviceAdapter  : PATH: /user/login
2023-09-16T15:16:15.655+07:00  INFO 11028 --- [http-nio-8080-exec-1] c.e.b.l.CustomResponseBodyAdviceAdapter  : USER: anonymousUser
2023-09-16T15:16:15.655+07:00  INFO 11028 --- [http-nio-8080-exec-1] c.e.b.l.CustomResponseBodyAdviceAdapter  : RESPONSE: Có lỗi Runtime trong quá trình xử lý: No EntityManager with actual transaction available for current thread - cannot reliably process 'remove' call
2023-09-16T15:16:15.658+07:00  WARN 11028 --- [http-nio-8080-exec-1] .m.m.a.ExceptionHandlerExceptionResolver : Resolved [org.springframework.dao.InvalidDataAccessApiUsageException: No EntityManager with actual transaction available for current thread - cannot reliably process 'remove' call]
2023-09-16T15:16:45.003+07:00  INFO 11028 --- [SpringApplicationShutdownHook] j.LocalContainerEntityManagerFactoryBean : Closing JPA EntityManagerFactory for persistence unit 'default'
2023-09-16T15:16:45.006+07:00  INFO 11028 --- [SpringApplicationShutdownHook] com.zaxxer.hikari.HikariDataSource       : HikariPool-1 - Shutdown initiated...
2023-09-16T15:16:45.013+07:00  INFO 11028 --- [SpringApplicationShutdownHook] com.zaxxer.hikari.HikariDataSource       : HikariPool-1 - Shutdown completed.
